<?xml version="1.0" encoding="utf-8"?>
<test-run id="2" testcasecount="16" result="Failed(Child)" total="16" passed="15" failed="1" inconclusive="0" skipped="0" asserts="0" engine-version="3.5.0.0" clr-version="4.0.30319.42000" start-time="2026-08-03 17:18:10Z" end-time="2026-08-03 17:18:10Z" duration="0.2279507">
  <test-suite type="TestSuite" id="1030" name="Atomic War" fullname="Atomic War" runstate="Runnable" testcasecount="16" result="Failed" site="Child" start-time="2026-08-03 17:18:10Z" end-time="2026-08-03 17:18:10Z" duration="0.227951" total="16" passed="15" failed="1" inconclusive="0" skipped="0" asserts="0">
    <properties>
      <property name="platform" value="PlayMode" />
    </properties>
    <failure>
      <message><![CDATA[One or more child tests had errors]]></message>
    </failure>
    <test-suite type="Assembly" id="1023" name="AtomicWar.Tests.PlayMode.dll" fullname="/home/robertsrff/Music/Atomic_War_Straving_Survival/Atomic War/Library/ScriptAssemblies/AtomicWar.Tests.PlayMode.dll" runstate="Runnable" testcasecount="16" result="Failed" site="Child" start-time="2026-08-03 17:18:10Z" end-time="2026-08-03 17:18:10Z" duration="0.216209" total="16" passed="15" failed="1" inconclusive="0" skipped="0" asserts="0">
      <properties>
        <property name="_PID" value="363268" />
        <property name="_APPDOMAIN" value="Unity Child Domain" />
        <property name="platform" value="PlayMode" />
        <property name="EditorOnly" value="False" />
      </properties>
      <failure>
        <message><![CDATA[One or more child tests had errors]]></message>
      </failure>
      <test-suite type="TestSuite" id="1024" name="AtomicWar" fullname="AtomicWar" runstate="Runnable" testcasecount="16" result="Failed" site="Child" start-time="2026-08-03 17:18:10Z" end-time="2026-08-03 17:18:10Z" duration="0.214991" total="16" passed="15" failed="1" inconclusive="0" skipped="0" asserts="0">
        <properties />
        <failure>
          <message><![CDATA[One or more child tests had errors]]></message>
        </failure>
        <test-suite type="TestSuite" id="1025" name="Tests" fullname="AtomicWar.Tests" runstate="Runnable" testcasecount="16" result="Failed" site="Child" start-time="2026-08-03 17:18:10Z" end-time="2026-08-03 17:18:10Z" duration="0.214432" total="16" passed="15" failed="1" inconclusive="0" skipped="0" asserts="0">
          <properties />
          <failure>
            <message><![CDATA[One or more child tests had errors]]></message>
          </failure>
          <test-suite type="TestSuite" id="1026" name="PlayMode" fullname="AtomicWar.Tests.PlayMode" runstate="Runnable" testcasecount="16" result="Failed" site="Child" start-time="2026-08-03 17:18:10Z" end-time="2026-08-03 17:18:10Z" duration="0.213705" total="16" passed="15" failed="1" inconclusive="0" skipped="0" asserts="0">
            <properties />
            <failure>
              <message><![CDATA[One or more child tests had errors]]></message>
            </failure>
            <test-suite type="TestFixture" id="1001" name="AudioSystemPlayModeTests" fullname="AtomicWar.Tests.PlayMode.AudioSystemPlayModeTests" classname="AtomicWar.Tests.PlayMode.AudioSystemPlayModeTests" runstate="Runnable" testcasecount="3" result="Passed" start-time="2026-08-03 17:18:10Z" end-time="2026-08-03 17:18:10Z" duration="0.082923" total="3" passed="3" failed="0" inconclusive="0" skipped="0" asserts="0">
              <properties />
              <test-case id="1002" name="FalloutStorm_Underground_IsMuffled_And_BreachRemovesMuffle" fullname="AtomicWar.Tests.PlayMode.AudioSystemPlayModeTests.FalloutStorm_Underground_IsMuffled_And_BreachRemovesMuffle" methodname="FalloutStorm_Underground_IsMuffled_And_BreachRemovesMuffle" classname="AtomicWar.Tests.PlayMode.AudioSystemPlayModeTests" runstate="Runnable" seed="1202732657" result="Passed" start-time="2026-08-03 17:18:10Z" end-time="2026-08-03 17:18:10Z" duration="0.044704" asserts="0">
                <properties>
                  <property name="_JOINTYPE" value="UnityCombinatorial" />
                  <property name="retryIteration" value="0" />
                  <property name="repeatIteration" value="0" />
                </properties>
              </test-case>
              <test-case id="1004" name="GeigerCadence_IsLogarithmic_And_ScreamsAtHighRads" fullname="AtomicWar.Tests.PlayMode.AudioSystemPlayModeTests.GeigerCadence_IsLogarithmic_And_ScreamsAtHighRads" methodname="GeigerCadence_IsLogarithmic_And_ScreamsAtHighRads" classname="AtomicWar.Tests.PlayMode.AudioSystemPlayModeTests" runstate="Runnable" seed="644885926" result="Passed" start-time="2026-08-03 17:18:10Z" end-time="2026-08-03 17:18:10Z" duration="0.012688" asserts="0">
                <properties>
                  <property name="_JOINTYPE" value="UnityCombinatorial" />
                  <property name="retryIteration" value="0" />
                  <property name="repeatIteration" value="0" />
                </properties>
              </test-case>
              <test-case id="1003" name="PowerBlackout_Or_RadiationAnxiety_TriggersHeartbeatAudio" fullname="AtomicWar.Tests.PlayMode.AudioSystemPlayModeTests.PowerBlackout_Or_RadiationAnxiety_TriggersHeartbeatAudio" methodname="PowerBlackout_Or_RadiationAnxiety_TriggersHeartbeatAudio" classname="AtomicWar.Tests.PlayMode.AudioSystemPlayModeTests" runstate="Runnable" seed="470549536" result="Passed" start-time="2026-08-03 17:18:10Z" end-time="2026-08-03 17:18:10Z" duration="0.003194" asserts="0">
                <properties>
                  <property name="_JOINTYPE" value="UnityCombinatorial" />
                  <property name="retryIteration" value="0" />
                  <property name="repeatIteration" value="0" />
                </properties>
              </test-case>
            </test-suite>
            <test-suite type="TestFixture" id="1005" name="ChronicDiseasePlayModeTests" fullname="AtomicWar.Tests.PlayMode.ChronicDiseasePlayModeTests" classname="AtomicWar.Tests.PlayMode.ChronicDiseasePlayModeTests" runstate="Runnable" testcasecount="2" result="Passed" start-time="2026-08-03 17:18:10Z" end-time="2026-08-03 17:18:10Z" duration="0.020158" total="2" passed="2" failed="0" inconclusive="0" skipped="0" asserts="0">
              <properties />
              <test-case id="1006" name="Accumulate300PlusLifetimeRadExposure_TriggersChronicIllnessAssignment" fullname="AtomicWar.Tests.PlayMode.ChronicDiseasePlayModeTests.Accumulate300PlusLifetimeRadExposure_TriggersChronicIllnessAssignment" methodname="Accumulate300PlusLifetimeRadExposure_TriggersChronicIllnessAssignment" classname="AtomicWar.Tests.PlayMode.ChronicDiseasePlayModeTests" runstate="Runnable" seed="6052312" result="Passed" start-time="2026-08-03 17:18:10Z" end-time="2026-08-03 17:18:10Z" duration="0.006849" asserts="0">
                <properties>
                  <property name="_JOINTYPE" value="UnityCombinatorial" />
                  <property name="retryIteration" value="0" />
                  <property name="repeatIteration" value="0" />
                </properties>
              </test-case>
              <test-case id="1007" name="ChronicIllness_AppliesStatPenalties_And_CanBeManagedWithMedicalSupplies" fullname="AtomicWar.Tests.PlayMode.ChronicDiseasePlayModeTests.ChronicIllness_AppliesStatPenalties_And_CanBeManagedWithMedicalSupplies" methodname="ChronicIllness_AppliesStatPenalties_And_CanBeManagedWithMedicalSupplies" classname="AtomicWar.Tests.PlayMode.ChronicDiseasePlayModeTests" runstate="Runnable" seed="1412037743" result="Passed" start-time="2026-08-03 17:18:10Z" end-time="2026-08-03 17:18:10Z" duration="0.009686" asserts="0">
                <properties>
                  <property name="_JOINTYPE" value="UnityCombinatorial" />
                  <property name="retryIteration" value="0" />
                  <property name="repeatIteration" value="0" />
                </properties>
              </test-case>
            </test-suite>
            <test-suite type="TestFixture" id="1008" name="GameBootstrapStubTests" fullname="AtomicWar.Tests.PlayMode.GameBootstrapStubTests" classname="AtomicWar.Tests.PlayMode.GameBootstrapStubTests" runstate="Runnable" testcasecount="1" result="Passed" start-time="2026-08-03 17:18:10Z" end-time="2026-08-03 17:18:10Z" duration="0.017677" total="1" passed="1" failed="0" inconclusive="0" skipped="0" asserts="0">
              <properties />
              <test-case id="1009" name="Bootstrap_Scene_IsStubbed" fullname="AtomicWar.Tests.PlayMode.GameBootstrapStubTests.Bootstrap_Scene_IsStubbed" methodname="Bootstrap_Scene_IsStubbed" classname="AtomicWar.Tests.PlayMode.GameBootstrapStubTests" runstate="Runnable" seed="1722929231" result="Passed" start-time="2026-08-03 17:18:10Z" end-time="2026-08-03 17:18:10Z" duration="0.014030" asserts="0">
                <properties>
                  <property name="_JOINTYPE" value="UnityCombinatorial" />
                  <property name="retryIteration" value="0" />
                  <property name="repeatIteration" value="0" />
                </properties>
                <reason>
                  <message><![CDATA[Stub: bootstrap integration not yet implemented.]]></message>
                </reason>
              </test-case>
            </test-suite>
            <test-suite type="TestFixture" id="1010" name="HydroponicsPlayModeTests" fullname="AtomicWar.Tests.PlayMode.HydroponicsPlayModeTests" classname="AtomicWar.Tests.PlayMode.HydroponicsPlayModeTests" runstate="Runnable" testcasecount="4" result="Passed" start-time="2026-08-03 17:18:10Z" end-time="2026-08-03 17:18:10Z" duration="0.031357" total="4" passed="4" failed="0" inconclusive="0" skipped="0" asserts="0">
              <properties />
              <test-case id="1013" name="IrrigatingWithDirtyWater_RuinsCrop_And_IntroducesRoomMold" fullname="AtomicWar.Tests.PlayMode.HydroponicsPlayModeTests.IrrigatingWithDirtyWater_RuinsCrop_And_IntroducesRoomMold" methodname="IrrigatingWithDirtyWater_RuinsCrop_And_IntroducesRoomMold" classname="AtomicWar.Tests.PlayMode.HydroponicsPlayModeTests" runstate="Runnable" seed="883448030" result="Passed" start-time="2026-08-03 17:18:10Z" end-time="2026-08-03 17:18:10Z" duration="0.009950" asserts="0">
                <properties>
                  <property name="_JOINTYPE" value="UnityCombinatorial" />
                  <property name="retryIteration" value="0" />
                  <property name="repeatIteration" value="0" />
                </properties>
              </test-case>
              <test-case id="1011" name="PlantSeeds_ProvideWaterAndLight_ReachesMaturityAndYields" fullname="AtomicWar.Tests.PlayMode.HydroponicsPlayModeTests.PlantSeeds_ProvideWaterAndLight_ReachesMaturityAndYields" methodname="PlantSeeds_ProvideWaterAndLight_ReachesMaturityAndYields" classname="AtomicWar.Tests.PlayMode.HydroponicsPlayModeTests" runstate="Runnable" seed="1502364959" result="Passed" start-time="2026-08-03 17:18:10Z" end-time="2026-08-03 17:18:10Z" duration="0.004321" asserts="0">
                <properties>
                  <property name="_JOINTYPE" value="UnityCombinatorial" />
                  <property name="retryIteration" value="0" />
                  <property name="repeatIteration" value="0" />
                </properties>
              </test-case>
              <test-case id="1012" name="TemperatureDropTo5C_KillsCrop" fullname="AtomicWar.Tests.PlayMode.HydroponicsPlayModeTests.TemperatureDropTo5C_KillsCrop" methodname="TemperatureDropTo5C_KillsCrop" classname="AtomicWar.Tests.PlayMode.HydroponicsPlayModeTests" runstate="Runnable" seed="925271906" result="Passed" start-time="2026-08-03 17:18:10Z" end-time="2026-08-03 17:18:10Z" duration="0.009170" asserts="0">
                <properties>
                  <property name="_JOINTYPE" value="UnityCombinatorial" />
                  <property name="retryIteration" value="0" />
                  <property name="repeatIteration" value="0" />
                </properties>
              </test-case>
              <test-case id="1014" name="UnpoweredGrowLightsForMoreThan24Hours_StallsCrop" fullname="AtomicWar.Tests.PlayMode.HydroponicsPlayModeTests.UnpoweredGrowLightsForMoreThan24Hours_StallsCrop" methodname="UnpoweredGrowLightsForMoreThan24Hours_StallsCrop" classname="AtomicWar.Tests.PlayMode.HydroponicsPlayModeTests" runstate="Runnable" seed="1422690673" result="Passed" start-time="2026-08-03 17:18:10Z" end-time="2026-08-03 17:18:10Z" duration="0.004616" asserts="0">
                <properties>
                  <property name="_JOINTYPE" value="UnityCombinatorial" />
                  <property name="retryIteration" value="0" />
                  <property name="repeatIteration" value="0" />
                </properties>
              </test-case>
            </test-suite>
            <test-suite type="TestFixture" id="1015" name="InventoryPlayModeTests" fullname="AtomicWar.Tests.PlayMode.InventoryPlayModeTests" classname="AtomicWar.Tests.PlayMode.InventoryPlayModeTests" runstate="Runnable" testcasecount="4" result="Failed" site="Child" start-time="2026-08-03 17:18:10Z" end-time="2026-08-03 17:18:10Z" duration="0.042211" total="4" passed="3" failed="1" inconclusive="0" skipped="0" asserts="0">
              <properties />
              <failure>
                <message><![CDATA[One or more child tests had errors]]></message>
              </failure>
              <test-case id="1017" name="ConsumeIodine_GrantsTimedRadResistance" fullname="AtomicWar.Tests.PlayMode.InventoryPlayModeTests.ConsumeIodine_GrantsTimedRadResistance" methodname="ConsumeIodine_GrantsTimedRadResistance" classname="AtomicWar.Tests.PlayMode.InventoryPlayModeTests" runstate="Runnable" seed="1708664090" result="Passed" start-time="2026-08-03 17:18:10Z" end-time="2026-08-03 17:18:10Z" duration="0.013878" asserts="0">
                <properties>
                  <property name="_JOINTYPE" value="UnityCombinatorial" />
                  <property name="retryIteration" value="0" />
                  <property name="repeatIteration" value="0" />
                </properties>
              </test-case>
              <test-case id="1016" name="EquipSuit_ReducesRadiationExposure" fullname="AtomicWar.Tests.PlayMode.InventoryPlayModeTests.EquipSuit_ReducesRadiationExposure" methodname="EquipSuit_ReducesRadiationExposure" classname="AtomicWar.Tests.PlayMode.InventoryPlayModeTests" runstate="Runnable" seed="371266385" result="Failed" start-time="2026-08-03 17:18:10Z" end-time="2026-08-03 17:18:10Z" duration="0.010451" asserts="0">
                <properties>
                  <property name="_JOINTYPE" value="UnityCombinatorial" />
                  <property name="retryIteration" value="0" />
                  <property name="repeatIteration" value="0" />
                </properties>
                <failure>
                  <message><![CDATA[  Expected: 100.0f +/- 9.99999975E-05f
  But was:  0.0f
]]></message>
                  <stack-trace><![CDATA[at AtomicWar.Tests.PlayMode.InventoryPlayModeTests+<EquipSuit_ReducesRadiationExposure>d__3.MoveNext () [0x0013b] in /home/robertsrff/Music/Atomic_War_Straving_Survival/Atomic War/Assets/Tests/PlayMode/InventoryPlayModeTests.cs:85
at UnityEngine.TestTools.TestEnumerator+<Execute>d__7.MoveNext () [0x0003a] in ./Library/PackageCache/com.unity.test-framework@773a3a4953ad/UnityEngine.TestRunner/NUnitExtensions/Attributes/TestEnumerator.cs:44
]]></stack-trace>
                </failure>
              </test-case>
              <test-case id="1018" name="SaveLoad_InventoryStaysIntact" fullname="AtomicWar.Tests.PlayMode.InventoryPlayModeTests.SaveLoad_InventoryStaysIntact" methodname="SaveLoad_InventoryStaysIntact" classname="AtomicWar.Tests.PlayMode.InventoryPlayModeTests" runstate="Runnable" seed="2031175501" result="Passed" start-time="2026-08-03 17:18:10Z" end-time="2026-08-03 17:18:10Z" duration="0.011641" asserts="0">
                <properties>
                  <property name="_JOINTYPE" value="UnityCombinatorial" />
                  <property name="retryIteration" value="0" />
                  <property name="repeatIteration" value="0" />
                </properties>
              </test-case>
              <test-case id="1019" name="WeightLimit_BlocksAdd_And_TransferMovesStock" fullname="AtomicWar.Tests.PlayMode.InventoryPlayModeTests.WeightLimit_BlocksAdd_And_TransferMovesStock" methodname="WeightLimit_BlocksAdd_And_TransferMovesStock" classname="AtomicWar.Tests.PlayMode.InventoryPlayModeTests" runstate="Runnable" seed="754267072" result="Passed" start-time="2026-08-03 17:18:10Z" end-time="2026-08-03 17:18:10Z" duration="0.003897" asserts="0">
                <properties>
                  <property name="_JOINTYPE" value="UnityCombinatorial" />
                  <property name="retryIteration" value="0" />
                  <property name="repeatIteration" value="0" />
                </properties>
              </test-case>
            </test-suite>
            <test-suite type="TestFixture" id="1020" name="MoralDilemmaPlayModeTests" fullname="AtomicWar.Tests.PlayMode.MoralDilemmaPlayModeTests" classname="AtomicWar.Tests.PlayMode.MoralDilemmaPlayModeTests" runstate="Runnable" testcasecount="2" result="Passed" start-time="2026-08-03 17:18:10Z" end-time="2026-08-03 17:18:10Z" duration="0.015727" total="2" passed="2" failed="0" inconclusive="0" skipped="0" asserts="0">
              <properties />
              <test-case id="1022" name="Butchering_RestoresFood_AppliesTraitMorale_And_InflictsTrauma" fullname="AtomicWar.Tests.PlayMode.MoralDilemmaPlayModeTests.Butchering_RestoresFood_AppliesTraitMorale_And_InflictsTrauma" methodname="Butchering_RestoresFood_AppliesTraitMorale_And_InflictsTrauma" classname="AtomicWar.Tests.PlayMode.MoralDilemmaPlayModeTests" runstate="Runnable" seed="1590300148" result="Passed" start-time="2026-08-03 17:18:10Z" end-time="2026-08-03 17:18:10Z" duration="0.011698" asserts="0">
                <properties>
                  <property name="_JOINTYPE" value="UnityCombinatorial" />
                  <property name="retryIteration" value="0" />
                  <property name="repeatIteration" value="0" />
                </properties>
              </test-case>
              <test-case id="1021" name="CriticalHunger_WithZeroFood_TriggersMoralDilemma" fullname="AtomicWar.Tests.PlayMode.MoralDilemmaPlayModeTests.CriticalHunger_WithZeroFood_TriggersMoralDilemma" methodname="CriticalHunger_WithZeroFood_TriggersMoralDilemma" classname="AtomicWar.Tests.PlayMode.MoralDilemmaPlayModeTests" runstate="Runnable" seed="1619499473" result="Passed" start-time="2026-08-03 17:18:10Z" end-time="2026-08-03 17:18:10Z" duration="0.002354" asserts="0">
                <properties>
                  <property name="_JOINTYPE" value="UnityCombinatorial" />
                  <property name="retryIteration" value="0" />
                  <property name="repeatIteration" value="0" />
                </properties>
                <output><![CDATA[Saving results to: /home/robertsrff/.config/unity3d/DefaultCompany/Atomic War/TestResults.xml
]]></output>
              </test-case>
            </test-suite>
          </test-suite>
        </test-suite>
      </test-suite>
    </test-suite>
  </test-suite>
</test-run>