<?xml version="1.0" encoding="utf-8"?>
<test-run id="2" testcasecount="28" result="Passed" total="28" passed="28" failed="0" inconclusive="0" skipped="0" asserts="0" engine-version="3.5.0.0" clr-version="4.0.30319.42000" start-time="2026-08-03 09:57:18Z" end-time="2026-08-03 09:57:18Z" duration="0.1413737">
  <test-suite type="TestSuite" id="1000" name="Atomic War" fullname="Atomic War" runstate="Runnable" testcasecount="115" result="Passed" start-time="2026-08-03 09:57:18Z" end-time="2026-08-03 09:57:18Z" duration="0.141374" total="28" passed="28" failed="0" inconclusive="0" skipped="0" asserts="0">
    <properties>
      <property name="platform" value="EditMode" />
    </properties>
    <test-suite type="Assembly" id="1133" name="AtomicWar.Tests.EditMode.dll" fullname="/home/robertsrff/Music/Atomic_War_Straving_Survival/Atomic War/Library/ScriptAssemblies/AtomicWar.Tests.EditMode.dll" runstate="Runnable" testcasecount="115" result="Passed" start-time="2026-08-03 09:57:18Z" end-time="2026-08-03 09:57:18Z" duration="0.129972" total="28" passed="28" failed="0" inconclusive="0" skipped="0" asserts="0">
      <properties>
        <property name="_PID" value="12373" />
        <property name="_APPDOMAIN" value="Unity Child Domain" />
        <property name="platform" value="EditMode" />
        <property name="EditorOnly" value="True" />
      </properties>
      <test-suite type="TestSuite" id="1134" name="AtomicWar" fullname="AtomicWar" runstate="Runnable" testcasecount="115" result="Passed" start-time="2026-08-03 09:57:18Z" end-time="2026-08-03 09:57:18Z" duration="0.128132" total="28" passed="28" failed="0" inconclusive="0" skipped="0" asserts="0">
        <properties />
        <test-suite type="TestSuite" id="1135" name="Tests" fullname="AtomicWar.Tests" runstate="Runnable" testcasecount="115" result="Passed" start-time="2026-08-03 09:57:18Z" end-time="2026-08-03 09:57:18Z" duration="0.126933" total="28" passed="28" failed="0" inconclusive="0" skipped="0" asserts="0">
          <properties />
          <test-suite type="TestSuite" id="1136" name="EditMode" fullname="AtomicWar.Tests.EditMode" runstate="Runnable" testcasecount="115" result="Passed" start-time="2026-08-03 09:57:18Z" end-time="2026-08-03 09:57:18Z" duration="0.125951" total="28" passed="28" failed="0" inconclusive="0" skipped="0" asserts="0">
            <properties />
            <test-suite type="TestFixture" id="1032" name="HUDTests" fullname="AtomicWar.Tests.EditMode.HUDTests" classname="AtomicWar.Tests.EditMode.HUDTests" runstate="Runnable" testcasecount="4" result="Passed" start-time="2026-08-03 09:57:18Z" end-time="2026-08-03 09:57:18Z" duration="0.085074" total="4" passed="4" failed="0" inconclusive="0" skipped="0" asserts="0">
              <properties />
              <test-case id="1035" name="HUD_DebugToggleF2_SwitchesRawValuesMode" fullname="AtomicWar.Tests.EditMode.HUDTests.HUD_DebugToggleF2_SwitchesRawValuesMode" methodname="HUD_DebugToggleF2_SwitchesRawValuesMode" classname="AtomicWar.Tests.EditMode.HUDTests" runstate="Runnable" seed="1494497957" result="Passed" start-time="2026-08-03 09:57:18Z" end-time="2026-08-03 09:57:18Z" duration="0.030570" asserts="0">
                <properties>
                  <property name="retryIteration" value="0" />
                  <property name="repeatIteration" value="0" />
                </properties>
              </test-case>
              <test-case id="1036" name="HUD_EventRunnerBinding_TriggersEventModal" fullname="AtomicWar.Tests.EditMode.HUDTests.HUD_EventRunnerBinding_TriggersEventModal" methodname="HUD_EventRunnerBinding_TriggersEventModal" classname="AtomicWar.Tests.EditMode.HUDTests" runstate="Runnable" seed="1884078740" result="Passed" start-time="2026-08-03 09:57:18Z" end-time="2026-08-03 09:57:18Z" duration="0.007555" asserts="0">
                <properties>
                  <property name="retryIteration" value="0" />
                  <property name="repeatIteration" value="0" />
                </properties>
              </test-case>
              <test-case id="1033" name="HUD_SimulatedRisingExposure_UpdatesDosimeterNeedleAndGeigerCadence" fullname="AtomicWar.Tests.EditMode.HUDTests.HUD_SimulatedRisingExposure_UpdatesDosimeterNeedleAndGeigerCadence" methodname="HUD_SimulatedRisingExposure_UpdatesDosimeterNeedleAndGeigerCadence" classname="AtomicWar.Tests.EditMode.HUDTests" runstate="Runnable" seed="967715265" result="Passed" start-time="2026-08-03 09:57:18Z" end-time="2026-08-03 09:57:18Z" duration="0.010345" asserts="0">
                <properties>
                  <property name="retryIteration" value="0" />
                  <property name="repeatIteration" value="0" />
                </properties>
              </test-case>
              <test-case id="1034" name="HUD_SurvivorNeeds_UpdatesNeedsBar_AndDetectsCriticalRanges" fullname="AtomicWar.Tests.EditMode.HUDTests.HUD_SurvivorNeeds_UpdatesNeedsBar_AndDetectsCriticalRanges" methodname="HUD_SurvivorNeeds_UpdatesNeedsBar_AndDetectsCriticalRanges" classname="AtomicWar.Tests.EditMode.HUDTests" runstate="Runnable" seed="694672479" result="Passed" start-time="2026-08-03 09:57:18Z" end-time="2026-08-03 09:57:18Z" duration="0.007845" asserts="0">
                <properties>
                  <property name="retryIteration" value="0" />
                  <property name="repeatIteration" value="0" />
                </properties>
              </test-case>
            </test-suite>
            <test-suite type="TestFixture" id="1037" name="InstrumentReliabilityTests" fullname="AtomicWar.Tests.EditMode.InstrumentReliabilityTests" classname="AtomicWar.Tests.EditMode.InstrumentReliabilityTests" runstate="Runnable" testcasecount="9" result="Passed" start-time="2026-08-03 09:57:18Z" end-time="2026-08-03 09:57:18Z" duration="0.018971" total="9" passed="9" failed="0" inconclusive="0" skipped="0" asserts="0">
              <properties />
              <test-case id="1040" name="BatteryDrain_BreaksDevice_CannotMeasure" fullname="AtomicWar.Tests.EditMode.InstrumentReliabilityTests.BatteryDrain_BreaksDevice_CannotMeasure" methodname="BatteryDrain_BreaksDevice_CannotMeasure" classname="AtomicWar.Tests.EditMode.InstrumentReliabilityTests" runstate="Runnable" seed="2124964029" result="Passed" start-time="2026-08-03 09:57:18Z" end-time="2026-08-03 09:57:18Z" duration="0.001121" asserts="0">
                <properties>
                  <property name="retryIteration" value="0" />
                  <property name="repeatIteration" value="0" />
                </properties>
              </test-case>
              <test-case id="1038" name="BrokenDevice_RecordsNoMeasurement" fullname="AtomicWar.Tests.EditMode.InstrumentReliabilityTests.BrokenDevice_RecordsNoMeasurement" methodname="BrokenDevice_RecordsNoMeasurement" classname="AtomicWar.Tests.EditMode.InstrumentReliabilityTests" runstate="Runnable" seed="1395864031" result="Passed" start-time="2026-08-03 09:57:18Z" end-time="2026-08-03 09:57:18Z" duration="0.005525" asserts="0">
                <properties>
                  <property name="retryIteration" value="0" />
                  <property name="repeatIteration" value="0" />
                </properties>
              </test-case>
              <test-case id="1045" name="GeigerCounter_SilentWhenBroken" fullname="AtomicWar.Tests.EditMode.InstrumentReliabilityTests.GeigerCounter_SilentWhenBroken" methodname="GeigerCounter_SilentWhenBroken" classname="AtomicWar.Tests.EditMode.InstrumentReliabilityTests" runstate="Runnable" seed="1244123527" result="Passed" start-time="2026-08-03 09:57:18Z" end-time="2026-08-03 09:57:18Z" duration="0.000892" asserts="0">
                <properties>
                  <property name="retryIteration" value="0" />
                  <property name="repeatIteration" value="0" />
                </properties>
              </test-case>
              <test-case id="1043" name="Inventory_DeviceState_RoundTripsThroughSave" fullname="AtomicWar.Tests.EditMode.InstrumentReliabilityTests.Inventory_DeviceState_RoundTripsThroughSave" methodname="Inventory_DeviceState_RoundTripsThroughSave" classname="AtomicWar.Tests.EditMode.InstrumentReliabilityTests" runstate="Runnable" seed="1812568739" result="Passed" start-time="2026-08-03 09:57:18Z" end-time="2026-08-03 09:57:18Z" duration="0.001865" asserts="0">
                <properties>
                  <property name="retryIteration" value="0" />
                  <property name="repeatIteration" value="0" />
                </properties>
              </test-case>
              <test-case id="1044" name="MapKnowledge_SaveLoad_PreservesMeasuredLie" fullname="AtomicWar.Tests.EditMode.InstrumentReliabilityTests.MapKnowledge_SaveLoad_PreservesMeasuredLie" methodname="MapKnowledge_SaveLoad_PreservesMeasuredLie" classname="AtomicWar.Tests.EditMode.InstrumentReliabilityTests" runstate="Runnable" seed="1161459326" result="Passed" start-time="2026-08-03 09:57:18Z" end-time="2026-08-03 09:57:18Z" duration="0.001507" asserts="0">
                <properties>
                  <property name="retryIteration" value="0" />
                  <property name="repeatIteration" value="0" />
                </properties>
              </test-case>
              <test-case id="1046" name="MapKnowledgeHUD_CalibrationLabel" fullname="AtomicWar.Tests.EditMode.InstrumentReliabilityTests.MapKnowledgeHUD_CalibrationLabel" methodname="MapKnowledgeHUD_CalibrationLabel" classname="AtomicWar.Tests.EditMode.InstrumentReliabilityTests" runstate="Runnable" seed="1416473943" result="Passed" start-time="2026-08-03 09:57:18Z" end-time="2026-08-03 09:57:18Z" duration="0.001071" asserts="0">
                <properties>
                  <property name="retryIteration" value="0" />
                  <property name="repeatIteration" value="0" />
                </properties>
              </test-case>
              <test-case id="1039" name="MisCalibratedSurvey_RecordsBiasedMeasuredRad" fullname="AtomicWar.Tests.EditMode.InstrumentReliabilityTests.MisCalibratedSurvey_RecordsBiasedMeasuredRad" methodname="MisCalibratedSurvey_RecordsBiasedMeasuredRad" classname="AtomicWar.Tests.EditMode.InstrumentReliabilityTests" runstate="Runnable" seed="332414166" result="Passed" start-time="2026-08-03 09:57:18Z" end-time="2026-08-03 09:57:18Z" duration="0.001957" asserts="0">
                <properties>
                  <property name="retryIteration" value="0" />
                  <property name="repeatIteration" value="0" />
                </properties>
              </test-case>
              <test-case id="1042" name="NoWorkingGeiger_MapViewIsDark" fullname="AtomicWar.Tests.EditMode.InstrumentReliabilityTests.NoWorkingGeiger_MapViewIsDark" methodname="NoWorkingGeiger_MapViewIsDark" classname="AtomicWar.Tests.EditMode.InstrumentReliabilityTests" runstate="Runnable" seed="1694612821" result="Passed" start-time="2026-08-03 09:57:18Z" end-time="2026-08-03 09:57:18Z" duration="0.000571" asserts="0">
                <properties>
                  <property name="retryIteration" value="0" />
                  <property name="repeatIteration" value="0" />
                </properties>
              </test-case>
              <test-case id="1041" name="StaleReading_BlendsTowardRumor_AndUncertaintyGrows" fullname="AtomicWar.Tests.EditMode.InstrumentReliabilityTests.StaleReading_BlendsTowardRumor_AndUncertaintyGrows" methodname="StaleReading_BlendsTowardRumor_AndUncertaintyGrows" classname="AtomicWar.Tests.EditMode.InstrumentReliabilityTests" runstate="Runnable" seed="44714873" result="Passed" start-time="2026-08-03 09:57:18Z" end-time="2026-08-03 09:57:18Z" duration="0.000782" asserts="0">
                <properties>
                  <property name="retryIteration" value="0" />
                  <property name="repeatIteration" value="0" />
                </properties>
              </test-case>
            </test-suite>
            <test-suite type="TestFixture" id="1083" name="RadiationExposureTests" fullname="AtomicWar.Tests.EditMode.RadiationExposureTests" classname="AtomicWar.Tests.EditMode.RadiationExposureTests" runstate="Runnable" testcasecount="15" result="Passed" start-time="2026-08-03 09:57:18Z" end-time="2026-08-03 09:57:18Z" duration="0.016829" total="15" passed="15" failed="0" inconclusive="0" skipped="0" asserts="0">
              <properties />
              <test-case id="1093" name="Contamination_DecaysOverTime_AndDeactivatesAtZero" fullname="AtomicWar.Tests.EditMode.RadiationExposureTests.Contamination_DecaysOverTime_AndDeactivatesAtZero" methodname="Contamination_DecaysOverTime_AndDeactivatesAtZero" classname="AtomicWar.Tests.EditMode.RadiationExposureTests" runstate="Runnable" seed="1415815728" result="Passed" start-time="2026-08-03 09:57:18Z" end-time="2026-08-03 09:57:18Z" duration="0.000891" asserts="0">
                <properties>
                  <property name="retryIteration" value="0" />
                  <property name="repeatIteration" value="0" />
                </properties>
              </test-case>
              <test-case id="1094" name="Contamination_RaisesBunkerAmbient_UntilDecontaminated" fullname="AtomicWar.Tests.EditMode.RadiationExposureTests.Contamination_RaisesBunkerAmbient_UntilDecontaminated" methodname="Contamination_RaisesBunkerAmbient_UntilDecontaminated" classname="AtomicWar.Tests.EditMode.RadiationExposureTests" runstate="Runnable" seed="2015859446" result="Passed" start-time="2026-08-03 09:57:18Z" end-time="2026-08-03 09:57:18Z" duration="0.001186" asserts="0">
                <properties>
                  <property name="retryIteration" value="0" />
                  <property name="repeatIteration" value="0" />
                </properties>
              </test-case>
              <test-case id="1095" name="DecontaminationStation_ReducesContaminationOverTime" fullname="AtomicWar.Tests.EditMode.RadiationExposureTests.DecontaminationStation_ReducesContaminationOverTime" methodname="DecontaminationStation_ReducesContaminationOverTime" classname="AtomicWar.Tests.EditMode.RadiationExposureTests" runstate="Runnable" seed="1002894269" result="Passed" start-time="2026-08-03 09:57:18Z" end-time="2026-08-03 09:57:18Z" duration="0.000302" asserts="0">
                <properties>
                  <property name="retryIteration" value="0" />
                  <property name="repeatIteration" value="0" />
                </properties>
              </test-case>
              <test-case id="1098" name="Dosimeter_ExposesCurrentRateAndDecayingRecentExposure" fullname="AtomicWar.Tests.EditMode.RadiationExposureTests.Dosimeter_ExposesCurrentRateAndDecayingRecentExposure" methodname="Dosimeter_ExposesCurrentRateAndDecayingRecentExposure" classname="AtomicWar.Tests.EditMode.RadiationExposureTests" runstate="Runnable" seed="1858593954" result="Passed" start-time="2026-08-03 09:57:18Z" end-time="2026-08-03 09:57:18Z" duration="0.000454" asserts="0">
                <properties>
                  <property name="retryIteration" value="0" />
                  <property name="repeatIteration" value="0" />
                </properties>
              </test-case>
              <test-case id="1085" name="Exposure_ClampsNegativeResultToZero" fullname="AtomicWar.Tests.EditMode.RadiationExposureTests.Exposure_ClampsNegativeResultToZero" methodname="Exposure_ClampsNegativeResultToZero" classname="AtomicWar.Tests.EditMode.RadiationExposureTests" runstate="Runnable" seed="353914953" result="Passed" start-time="2026-08-03 09:57:18Z" end-time="2026-08-03 09:57:18Z" duration="0.000382" asserts="0">
                <properties>
                  <property name="retryIteration" value="0" />
                  <property name="repeatIteration" value="0" />
                </properties>
              </test-case>
              <test-case id="1084" name="Exposure_SubtractsGearAndShielding" fullname="AtomicWar.Tests.EditMode.RadiationExposureTests.Exposure_SubtractsGearAndShielding" methodname="Exposure_SubtractsGearAndShielding" classname="AtomicWar.Tests.EditMode.RadiationExposureTests" runstate="Runnable" seed="1177606071" result="Passed" start-time="2026-08-03 09:57:18Z" end-time="2026-08-03 09:57:18Z" duration="0.000177" asserts="0">
                <properties>
                  <property name="retryIteration" value="0" />
                  <property name="repeatIteration" value="0" />
                </properties>
              </test-case>
              <test-case id="1089" name="GearProtection_BrokenSuit_LeavesFullExposure" fullname="AtomicWar.Tests.EditMode.RadiationExposureTests.GearProtection_BrokenSuit_LeavesFullExposure" methodname="GearProtection_BrokenSuit_LeavesFullExposure" classname="AtomicWar.Tests.EditMode.RadiationExposureTests" runstate="Runnable" seed="839099713" result="Passed" start-time="2026-08-03 09:57:18Z" end-time="2026-08-03 09:57:18Z" duration="0.001800" asserts="0">
                <properties>
                  <property name="retryIteration" value="0" />
                  <property name="repeatIteration" value="0" />
                </properties>
              </test-case>
              <test-case id="1088" name="GearProtection_ScalesWithDurabilityFraction_AndSums" fullname="AtomicWar.Tests.EditMode.RadiationExposureTests.GearProtection_ScalesWithDurabilityFraction_AndSums" methodname="GearProtection_ScalesWithDurabilityFraction_AndSums" classname="AtomicWar.Tests.EditMode.RadiationExposureTests" runstate="Runnable" seed="310384453" result="Passed" start-time="2026-08-03 09:57:18Z" end-time="2026-08-03 09:57:18Z" duration="0.000477" asserts="0">
                <properties>
                  <property name="retryIteration" value="0" />
                  <property name="repeatIteration" value="0" />
                </properties>
              </test-case>
              <test-case id="1087" name="GearProtection_SuitAtZeroDurability_GivesZeroProtection" fullname="AtomicWar.Tests.EditMode.RadiationExposureTests.GearProtection_SuitAtZeroDurability_GivesZeroProtection" methodname="GearProtection_SuitAtZeroDurability_GivesZeroProtection" classname="AtomicWar.Tests.EditMode.RadiationExposureTests" runstate="Runnable" seed="292097099" result="Passed" start-time="2026-08-03 09:57:18Z" end-time="2026-08-03 09:57:18Z" duration="0.000330" asserts="0">
                <properties>
                  <property name="retryIteration" value="0" />
                  <property name="repeatIteration" value="0" />
                </properties>
              </test-case>
              <test-case id="1097" name="GeigerCounter_FiresClicksProportionalToRadLevel" fullname="AtomicWar.Tests.EditMode.RadiationExposureTests.GeigerCounter_FiresClicksProportionalToRadLevel" methodname="GeigerCounter_FiresClicksProportionalToRadLevel" classname="AtomicWar.Tests.EditMode.RadiationExposureTests" runstate="Runnable" seed="1192961180" result="Passed" start-time="2026-08-03 09:57:18Z" end-time="2026-08-03 09:57:18Z" duration="0.000491" asserts="0">
                <properties>
                  <property name="retryIteration" value="0" />
                  <property name="repeatIteration" value="0" />
                </properties>
              </test-case>
              <test-case id="1096" name="GeigerCounter_TickRateIsProportionalAndCapped" fullname="AtomicWar.Tests.EditMode.RadiationExposureTests.GeigerCounter_TickRateIsProportionalAndCapped" methodname="GeigerCounter_TickRateIsProportionalAndCapped" classname="AtomicWar.Tests.EditMode.RadiationExposureTests" runstate="Runnable" seed="1426036672" result="Passed" start-time="2026-08-03 09:57:18Z" end-time="2026-08-03 09:57:18Z" duration="0.000245" asserts="0">
                <properties>
                  <property name="retryIteration" value="0" />
                  <property name="repeatIteration" value="0" />
                </properties>
              </test-case>
              <test-case id="1092" name="SaveLoad_PreservesLifetimeRadiation" fullname="AtomicWar.Tests.EditMode.RadiationExposureTests.SaveLoad_PreservesLifetimeRadiation" methodname="SaveLoad_PreservesLifetimeRadiation" classname="AtomicWar.Tests.EditMode.RadiationExposureTests" runstate="Runnable" seed="1455685633" result="Passed" start-time="2026-08-03 09:57:18Z" end-time="2026-08-03 09:57:18Z" duration="0.002259" asserts="0">
                <properties>
                  <property name="retryIteration" value="0" />
                  <property name="repeatIteration" value="0" />
                </properties>
              </test-case>
              <test-case id="1086" name="ShelterShielding_CapsAmbientAtZero" fullname="AtomicWar.Tests.EditMode.RadiationExposureTests.ShelterShielding_CapsAmbientAtZero" methodname="ShelterShielding_CapsAmbientAtZero" classname="AtomicWar.Tests.EditMode.RadiationExposureTests" runstate="Runnable" seed="929651048" result="Passed" start-time="2026-08-03 09:57:18Z" end-time="2026-08-03 09:57:18Z" duration="0.000457" asserts="0">
                <properties>
                  <property name="retryIteration" value="0" />
                  <property name="repeatIteration" value="0" />
                </properties>
              </test-case>
              <test-case id="1091" name="Tick_AppliesExposureFormula_DegradesGear_AndUpdatesDosimeter" fullname="AtomicWar.Tests.EditMode.RadiationExposureTests.Tick_AppliesExposureFormula_DegradesGear_AndUpdatesDosimeter" methodname="Tick_AppliesExposureFormula_DegradesGear_AndUpdatesDosimeter" classname="AtomicWar.Tests.EditMode.RadiationExposureTests" runstate="Runnable" seed="842586042" result="Passed" start-time="2026-08-03 09:57:18Z" end-time="2026-08-03 09:57:18Z" duration="0.002365" asserts="0">
                <properties>
                  <property name="retryIteration" value="0" />
                  <property name="repeatIteration" value="0" />
                </properties>
              </test-case>
              <test-case id="1090" name="Tick_WhilePaused_AccumulatesNoDose" fullname="AtomicWar.Tests.EditMode.RadiationExposureTests.Tick_WhilePaused_AccumulatesNoDose" methodname="Tick_WhilePaused_AccumulatesNoDose" classname="AtomicWar.Tests.EditMode.RadiationExposureTests" runstate="Runnable" seed="1532766600" result="Passed" start-time="2026-08-03 09:57:18Z" end-time="2026-08-03 09:57:18Z" duration="0.000500" asserts="0">
                <properties>
                  <property name="retryIteration" value="0" />
                  <property name="repeatIteration" value="0" />
                </properties>
                <output><![CDATA[Saving results to: /home/robertsrff/.config/unity3d/DefaultCompany/Atomic War/TestResults.xml
]]></output>
              </test-case>
            </test-suite>
          </test-suite>
        </test-suite>
      </test-suite>
    </test-suite>
  </test-suite>
</test-run>