<?xml version="1.0" encoding="utf-8"?>
<test-run id="2" testcasecount="20" result="Passed" total="20" passed="20" failed="0" inconclusive="0" skipped="0" asserts="0" engine-version="3.5.0.0" clr-version="4.0.30319.42000" start-time="2026-08-03 21:31:06Z" end-time="2026-08-03 21:31:06Z" duration="0.1335658">
  <test-suite type="TestSuite" id="1000" name="Atomic War" fullname="Atomic War" runstate="Runnable" testcasecount="489" result="Passed" start-time="2026-08-03 21:31:06Z" end-time="2026-08-03 21:31:06Z" duration="0.133566" total="20" passed="20" failed="0" inconclusive="0" skipped="0" asserts="0">
    <properties>
      <property name="platform" value="EditMode" />
    </properties>
    <test-suite type="Assembly" id="1543" name="AtomicWar.Tests.EditMode.dll" fullname="/home/robertsrff/Music/Atomic_War_Straving_Survival/Atomic War/Library/ScriptAssemblies/AtomicWar.Tests.EditMode.dll" runstate="Runnable" testcasecount="489" result="Passed" start-time="2026-08-03 21:31:06Z" end-time="2026-08-03 21:31:06Z" duration="0.121040" total="20" passed="20" failed="0" inconclusive="0" skipped="0" asserts="0">
      <properties>
        <property name="_PID" value="24511" />
        <property name="_APPDOMAIN" value="Unity Child Domain" />
        <property name="platform" value="EditMode" />
        <property name="EditorOnly" value="True" />
      </properties>
      <test-suite type="TestSuite" id="1544" name="AtomicWar" fullname="AtomicWar" runstate="Runnable" testcasecount="489" result="Passed" start-time="2026-08-03 21:31:06Z" end-time="2026-08-03 21:31:06Z" duration="0.118557" total="20" passed="20" failed="0" inconclusive="0" skipped="0" asserts="0">
        <properties />
        <test-suite type="TestSuite" id="1545" name="Tests" fullname="AtomicWar.Tests" runstate="Runnable" testcasecount="489" result="Passed" start-time="2026-08-03 21:31:06Z" end-time="2026-08-03 21:31:06Z" duration="0.117082" total="20" passed="20" failed="0" inconclusive="0" skipped="0" asserts="0">
          <properties />
          <test-suite type="TestSuite" id="1546" name="EditMode" fullname="AtomicWar.Tests.EditMode" runstate="Runnable" testcasecount="489" result="Passed" start-time="2026-08-03 21:31:06Z" end-time="2026-08-03 21:31:06Z" duration="0.115376" total="20" passed="20" failed="0" inconclusive="0" skipped="0" asserts="0">
            <properties />
            <test-suite type="TestFixture" id="1207" name="InternalHorrorTests" fullname="AtomicWar.Tests.EditMode.InternalHorrorTests" classname="AtomicWar.Tests.EditMode.InternalHorrorTests" runstate="Runnable" testcasecount="20" result="Passed" start-time="2026-08-03 21:31:06Z" end-time="2026-08-03 21:31:06Z" duration="0.109067" total="20" passed="20" failed="0" inconclusive="0" skipped="0" asserts="0">
              <properties />
              <test-case id="1214" name="Atmosphere_RoundTripsThroughSave" fullname="AtomicWar.Tests.EditMode.InternalHorrorTests.Atmosphere_RoundTripsThroughSave" methodname="Atmosphere_RoundTripsThroughSave" classname="AtomicWar.Tests.EditMode.InternalHorrorTests" runstate="Runnable" seed="1950746875" result="Passed" start-time="2026-08-03 21:31:06Z" end-time="2026-08-03 21:31:06Z" duration="0.040042" asserts="0">
                <properties>
                  <property name="retryIteration" value="0" />
                  <property name="repeatIteration" value="0" />
                </properties>
              </test-case>
              <test-case id="1227" name="Botulism_ProgressesToComa" fullname="AtomicWar.Tests.EditMode.InternalHorrorTests.Botulism_ProgressesToComa" methodname="Botulism_ProgressesToComa" classname="AtomicWar.Tests.EditMode.InternalHorrorTests" runstate="Runnable" seed="359493391" result="Passed" start-time="2026-08-03 21:31:06Z" end-time="2026-08-03 21:31:06Z" duration="0.005476" asserts="0">
                <properties>
                  <property name="retryIteration" value="0" />
                  <property name="repeatIteration" value="0" />
                </properties>
              </test-case>
              <test-case id="1217" name="BuryTheDead_RemovesCorpse_AndExposesDigger" fullname="AtomicWar.Tests.EditMode.InternalHorrorTests.BuryTheDead_RemovesCorpse_AndExposesDigger" methodname="BuryTheDead_RemovesCorpse_AndExposesDigger" classname="AtomicWar.Tests.EditMode.InternalHorrorTests" runstate="Runnable" seed="1835253130" result="Passed" start-time="2026-08-03 21:31:06Z" end-time="2026-08-03 21:31:06Z" duration="0.009378" asserts="0">
                <properties>
                  <property name="retryIteration" value="0" />
                  <property name="repeatIteration" value="0" />
                </properties>
              </test-case>
              <test-case id="1220" name="Caregive_ResetsNeglectClock_AndConsumesWater" fullname="AtomicWar.Tests.EditMode.InternalHorrorTests.Caregive_ResetsNeglectClock_AndConsumesWater" methodname="Caregive_ResetsNeglectClock_AndConsumesWater" classname="AtomicWar.Tests.EditMode.InternalHorrorTests" runstate="Runnable" seed="1916638185" result="Passed" start-time="2026-08-03 21:31:06Z" end-time="2026-08-03 21:31:06Z" duration="0.001291" asserts="0">
                <properties>
                  <property name="retryIteration" value="0" />
                  <property name="repeatIteration" value="0" />
                </properties>
              </test-case>
              <test-case id="1222" name="CaregiveAction_ScoresHigh_WhenPatientNeedsCare" fullname="AtomicWar.Tests.EditMode.InternalHorrorTests.CaregiveAction_ScoresHigh_WhenPatientNeedsCare" methodname="CaregiveAction_ScoresHigh_WhenPatientNeedsCare" classname="AtomicWar.Tests.EditMode.InternalHorrorTests" runstate="Runnable" seed="292482421" result="Passed" start-time="2026-08-03 21:31:06Z" end-time="2026-08-03 21:31:06Z" duration="0.002166" asserts="0">
                <properties>
                  <property name="retryIteration" value="0" />
                  <property name="repeatIteration" value="0" />
                </properties>
              </test-case>
              <test-case id="1219" name="Coma_SetsIncapacitated_AndBlocksSelfFeed" fullname="AtomicWar.Tests.EditMode.InternalHorrorTests.Coma_SetsIncapacitated_AndBlocksSelfFeed" methodname="Coma_SetsIncapacitated_AndBlocksSelfFeed" classname="AtomicWar.Tests.EditMode.InternalHorrorTests" runstate="Runnable" seed="533770312" result="Passed" start-time="2026-08-03 21:31:06Z" end-time="2026-08-03 21:31:06Z" duration="0.002530" asserts="0">
                <properties>
                  <property name="retryIteration" value="0" />
                  <property name="repeatIteration" value="0" />
                </properties>
              </test-case>
              <test-case id="1221" name="Coma_WithoutCare_AcceleratesHealthDrain" fullname="AtomicWar.Tests.EditMode.InternalHorrorTests.Coma_WithoutCare_AcceleratesHealthDrain" methodname="Coma_WithoutCare_AcceleratesHealthDrain" classname="AtomicWar.Tests.EditMode.InternalHorrorTests" runstate="Runnable" seed="1242010405" result="Passed" start-time="2026-08-03 21:31:06Z" end-time="2026-08-03 21:31:06Z" duration="0.001105" asserts="0">
                <properties>
                  <property name="retryIteration" value="0" />
                  <property name="repeatIteration" value="0" />
                </properties>
              </test-case>
              <test-case id="1216" name="Corpse_InBunker_DrainsMorale_AndGrowsMold" fullname="AtomicWar.Tests.EditMode.InternalHorrorTests.Corpse_InBunker_DrainsMorale_AndGrowsMold" methodname="Corpse_InBunker_DrainsMorale_AndGrowsMold" classname="AtomicWar.Tests.EditMode.InternalHorrorTests" runstate="Runnable" seed="1639053431" result="Passed" start-time="2026-08-03 21:31:06Z" end-time="2026-08-03 21:31:06Z" duration="0.001179" asserts="0">
                <properties>
                  <property name="retryIteration" value="0" />
                  <property name="repeatIteration" value="0" />
                </properties>
              </test-case>
              <test-case id="1215" name="Death_CreatesCorpseItem_InInventory" fullname="AtomicWar.Tests.EditMode.InternalHorrorTests.Death_CreatesCorpseItem_InInventory" methodname="Death_CreatesCorpseItem_InInventory" classname="AtomicWar.Tests.EditMode.InternalHorrorTests" runstate="Runnable" seed="1914924935" result="Passed" start-time="2026-08-03 21:31:06Z" end-time="2026-08-03 21:31:06Z" duration="0.001396" asserts="0">
                <properties>
                  <property name="retryIteration" value="0" />
                  <property name="repeatIteration" value="0" />
                </properties>
              </test-case>
              <test-case id="1226" name="EatingContaminatedFood_CanInflictBotulism" fullname="AtomicWar.Tests.EditMode.InternalHorrorTests.EatingContaminatedFood_CanInflictBotulism" methodname="EatingContaminatedFood_CanInflictBotulism" classname="AtomicWar.Tests.EditMode.InternalHorrorTests" runstate="Runnable" seed="948885" result="Passed" start-time="2026-08-03 21:31:06Z" end-time="2026-08-03 21:31:06Z" duration="0.001509" asserts="0">
                <properties>
                  <property name="retryIteration" value="0" />
                  <property name="repeatIteration" value="0" />
                </properties>
              </test-case>
              <test-case id="1212" name="FightFire_DamagesFighter_AndCanExtinguish" fullname="AtomicWar.Tests.EditMode.InternalHorrorTests.FightFire_DamagesFighter_AndCanExtinguish" methodname="FightFire_DamagesFighter_AndCanExtinguish" classname="AtomicWar.Tests.EditMode.InternalHorrorTests" runstate="Runnable" seed="924754654" result="Passed" start-time="2026-08-03 21:31:06Z" end-time="2026-08-03 21:31:06Z" duration="0.000911" asserts="0">
                <properties>
                  <property name="retryIteration" value="0" />
                  <property name="repeatIteration" value="0" />
                </properties>
              </test-case>
              <test-case id="1210" name="Fire_AddsCoToPowerNetwork" fullname="AtomicWar.Tests.EditMode.InternalHorrorTests.Fire_AddsCoToPowerNetwork" methodname="Fire_AddsCoToPowerNetwork" classname="AtomicWar.Tests.EditMode.InternalHorrorTests" runstate="Runnable" seed="1042143908" result="Passed" start-time="2026-08-03 21:31:06Z" end-time="2026-08-03 21:31:06Z" duration="0.005608" asserts="0">
                <properties>
                  <property name="retryIteration" value="0" />
                  <property name="repeatIteration" value="0" />
                </properties>
              </test-case>
              <test-case id="1209" name="Fire_ConsumesOxygen_AndSpikesLocalCo" fullname="AtomicWar.Tests.EditMode.InternalHorrorTests.Fire_ConsumesOxygen_AndSpikesLocalCo" methodname="Fire_ConsumesOxygen_AndSpikesLocalCo" classname="AtomicWar.Tests.EditMode.InternalHorrorTests" runstate="Runnable" seed="1767928045" result="Passed" start-time="2026-08-03 21:31:06Z" end-time="2026-08-03 21:31:06Z" duration="0.000487" asserts="0">
                <properties>
                  <property name="retryIteration" value="0" />
                  <property name="repeatIteration" value="0" />
                </properties>
              </test-case>
              <test-case id="1224" name="HighHumidity_RustsFood_IntoContaminatedFood" fullname="AtomicWar.Tests.EditMode.InternalHorrorTests.HighHumidity_RustsFood_IntoContaminatedFood" methodname="HighHumidity_RustsFood_IntoContaminatedFood" classname="AtomicWar.Tests.EditMode.InternalHorrorTests" runstate="Runnable" seed="277563509" result="Passed" start-time="2026-08-03 21:31:06Z" end-time="2026-08-03 21:31:06Z" duration="0.001772" asserts="0">
                <properties>
                  <property name="retryIteration" value="0" />
                  <property name="repeatIteration" value="0" />
                </properties>
              </test-case>
              <test-case id="1213" name="LowDurabilityDiesel_CanIgniteRoom" fullname="AtomicWar.Tests.EditMode.InternalHorrorTests.LowDurabilityDiesel_CanIgniteRoom" methodname="LowDurabilityDiesel_CanIgniteRoom" classname="AtomicWar.Tests.EditMode.InternalHorrorTests" runstate="Runnable" seed="1482315644" result="Passed" start-time="2026-08-03 21:31:06Z" end-time="2026-08-03 21:31:06Z" duration="0.000604" asserts="0">
                <properties>
                  <property name="retryIteration" value="0" />
                  <property name="repeatIteration" value="0" />
                </properties>
              </test-case>
              <test-case id="1225" name="LowHumidity_DoesNotRustFood" fullname="AtomicWar.Tests.EditMode.InternalHorrorTests.LowHumidity_DoesNotRustFood" methodname="LowHumidity_DoesNotRustFood" classname="AtomicWar.Tests.EditMode.InternalHorrorTests" runstate="Runnable" seed="499354570" result="Passed" start-time="2026-08-03 21:31:06Z" end-time="2026-08-03 21:31:06Z" duration="0.000568" asserts="0">
                <properties>
                  <property name="retryIteration" value="0" />
                  <property name="repeatIteration" value="0" />
                </properties>
              </test-case>
              <test-case id="1208" name="PowerNetwork_AddCarbonMonoxide_RaisesLevel" fullname="AtomicWar.Tests.EditMode.InternalHorrorTests.PowerNetwork_AddCarbonMonoxide_RaisesLevel" methodname="PowerNetwork_AddCarbonMonoxide_RaisesLevel" classname="AtomicWar.Tests.EditMode.InternalHorrorTests" runstate="Runnable" seed="811735243" result="Passed" start-time="2026-08-03 21:31:06Z" end-time="2026-08-03 21:31:06Z" duration="0.000429" asserts="0">
                <properties>
                  <property name="retryIteration" value="0" />
                  <property name="repeatIteration" value="0" />
                </properties>
              </test-case>
              <test-case id="1218" name="ProcessForFertilizer_AddsMaterial_AndShattersMorale" fullname="AtomicWar.Tests.EditMode.InternalHorrorTests.ProcessForFertilizer_AddsMaterial_AndShattersMorale" methodname="ProcessForFertilizer_AddsMaterial_AndShattersMorale" classname="AtomicWar.Tests.EditMode.InternalHorrorTests" runstate="Runnable" seed="553181039" result="Passed" start-time="2026-08-03 21:31:06Z" end-time="2026-08-03 21:31:06Z" duration="0.001250" asserts="0">
                <properties>
                  <property name="retryIteration" value="0" />
                  <property name="repeatIteration" value="0" />
                </properties>
              </test-case>
              <test-case id="1211" name="SealBulkhead_StarvesFire_WhenO2Depleted" fullname="AtomicWar.Tests.EditMode.InternalHorrorTests.SealBulkhead_StarvesFire_WhenO2Depleted" methodname="SealBulkhead_StarvesFire_WhenO2Depleted" classname="AtomicWar.Tests.EditMode.InternalHorrorTests" runstate="Runnable" seed="1504020485" result="Passed" start-time="2026-08-03 21:31:06Z" end-time="2026-08-03 21:31:06Z" duration="0.001659" asserts="0">
                <properties>
                  <property name="retryIteration" value="0" />
                  <property name="repeatIteration" value="0" />
                </properties>
              </test-case>
              <test-case id="1223" name="Sepsis_ProgressesToComa" fullname="AtomicWar.Tests.EditMode.InternalHorrorTests.Sepsis_ProgressesToComa" methodname="Sepsis_ProgressesToComa" classname="AtomicWar.Tests.EditMode.InternalHorrorTests" runstate="Runnable" seed="215257400" result="Passed" start-time="2026-08-03 21:31:06Z" end-time="2026-08-03 21:31:06Z" duration="0.000490" asserts="0">
                <properties>
                  <property name="retryIteration" value="0" />
                  <property name="repeatIteration" value="0" />
                </properties>
                <output><![CDATA[Saving results to: /home/robertsrff/.config/unity3d/DefaultCompany/Atomic War/TestResults.xml
]]></output>
              </test-case>
            </test-suite>
          </test-suite>
        </test-suite>
      </test-suite>
    </test-suite>
  </test-suite>
</test-run>