<?xml version="1.0" encoding="utf-8"?>
<test-run id="2" testcasecount="12" result="Failed(Child)" total="12" passed="11" failed="1" inconclusive="0" skipped="0" asserts="0" engine-version="3.5.0.0" clr-version="4.0.30319.42000" start-time="2026-08-03 17:10:51Z" end-time="2026-08-03 17:10:51Z" duration="0.2368424">
  <test-suite type="TestSuite" id="1024" name="Atomic War" fullname="Atomic War" runstate="Runnable" testcasecount="12" result="Failed" site="Child" start-time="2026-08-03 17:10:51Z" end-time="2026-08-03 17:10:51Z" duration="0.236842" total="12" passed="11" failed="1" inconclusive="0" skipped="0" asserts="0">
    <properties>
      <property name="platform" value="PlayMode" />
    </properties>
    <failure>
      <message><![CDATA[One or more child tests had errors]]></message>
    </failure>
    <test-suite type="Assembly" id="1017" name="AtomicWar.Tests.PlayMode.dll" fullname="/home/robertsrff/Music/Atomic_War_Straving_Survival/Atomic War/Library/ScriptAssemblies/AtomicWar.Tests.PlayMode.dll" runstate="Runnable" testcasecount="12" result="Failed" site="Child" start-time="2026-08-03 17:10:51Z" end-time="2026-08-03 17:10:51Z" duration="0.224569" total="12" passed="11" failed="1" inconclusive="0" skipped="0" asserts="0">
      <properties>
        <property name="_PID" value="355821" />
        <property name="_APPDOMAIN" value="Unity Child Domain" />
        <property name="platform" value="PlayMode" />
        <property name="EditorOnly" value="False" />
      </properties>
      <failure>
        <message><![CDATA[One or more child tests had errors]]></message>
      </failure>
      <test-suite type="TestSuite" id="1018" name="AtomicWar" fullname="AtomicWar" runstate="Runnable" testcasecount="12" result="Failed" site="Child" start-time="2026-08-03 17:10:51Z" end-time="2026-08-03 17:10:51Z" duration="0.222741" total="12" passed="11" failed="1" inconclusive="0" skipped="0" asserts="0">
        <properties />
        <failure>
          <message><![CDATA[One or more child tests had errors]]></message>
        </failure>
        <test-suite type="TestSuite" id="1019" name="Tests" fullname="AtomicWar.Tests" runstate="Runnable" testcasecount="12" result="Failed" site="Child" start-time="2026-08-03 17:10:51Z" end-time="2026-08-03 17:10:51Z" duration="0.222108" total="12" passed="11" failed="1" inconclusive="0" skipped="0" asserts="0">
          <properties />
          <failure>
            <message><![CDATA[One or more child tests had errors]]></message>
          </failure>
          <test-suite type="TestSuite" id="1020" name="PlayMode" fullname="AtomicWar.Tests.PlayMode" runstate="Runnable" testcasecount="12" result="Failed" site="Child" start-time="2026-08-03 17:10:51Z" end-time="2026-08-03 17:10:51Z" duration="0.221553" total="12" passed="11" failed="1" inconclusive="0" skipped="0" asserts="0">
            <properties />
            <failure>
              <message><![CDATA[One or more child tests had errors]]></message>
            </failure>
            <test-suite type="TestFixture" id="1001" name="AudioSystemPlayModeTests" fullname="AtomicWar.Tests.PlayMode.AudioSystemPlayModeTests" classname="AtomicWar.Tests.PlayMode.AudioSystemPlayModeTests" runstate="Runnable" testcasecount="3" result="Passed" start-time="2026-08-03 17:10:51Z" end-time="2026-08-03 17:10:51Z" duration="0.109008" total="3" passed="3" failed="0" inconclusive="0" skipped="0" asserts="0">
              <properties />
              <test-case id="1002" name="FalloutStorm_Underground_IsMuffled_And_BreachRemovesMuffle" fullname="AtomicWar.Tests.PlayMode.AudioSystemPlayModeTests.FalloutStorm_Underground_IsMuffled_And_BreachRemovesMuffle" methodname="FalloutStorm_Underground_IsMuffled_And_BreachRemovesMuffle" classname="AtomicWar.Tests.PlayMode.AudioSystemPlayModeTests" runstate="Runnable" seed="1823627453" result="Passed" start-time="2026-08-03 17:10:51Z" end-time="2026-08-03 17:10:51Z" duration="0.046323" asserts="0">
                <properties>
                  <property name="_JOINTYPE" value="UnityCombinatorial" />
                  <property name="retryIteration" value="0" />
                  <property name="repeatIteration" value="0" />
                </properties>
              </test-case>
              <test-case id="1004" name="GeigerCadence_IsLogarithmic_And_ScreamsAtHighRads" fullname="AtomicWar.Tests.PlayMode.AudioSystemPlayModeTests.GeigerCadence_IsLogarithmic_And_ScreamsAtHighRads" methodname="GeigerCadence_IsLogarithmic_And_ScreamsAtHighRads" classname="AtomicWar.Tests.PlayMode.AudioSystemPlayModeTests" runstate="Runnable" seed="181630656" result="Passed" start-time="2026-08-03 17:10:51Z" end-time="2026-08-03 17:10:51Z" duration="0.020872" asserts="0">
                <properties>
                  <property name="_JOINTYPE" value="UnityCombinatorial" />
                  <property name="retryIteration" value="0" />
                  <property name="repeatIteration" value="0" />
                </properties>
              </test-case>
              <test-case id="1003" name="PowerBlackout_Or_RadiationAnxiety_TriggersHeartbeatAudio" fullname="AtomicWar.Tests.PlayMode.AudioSystemPlayModeTests.PowerBlackout_Or_RadiationAnxiety_TriggersHeartbeatAudio" methodname="PowerBlackout_Or_RadiationAnxiety_TriggersHeartbeatAudio" classname="AtomicWar.Tests.PlayMode.AudioSystemPlayModeTests" runstate="Runnable" seed="1453460737" result="Passed" start-time="2026-08-03 17:10:51Z" end-time="2026-08-03 17:10:51Z" duration="0.013001" asserts="0">
                <properties>
                  <property name="_JOINTYPE" value="UnityCombinatorial" />
                  <property name="retryIteration" value="0" />
                  <property name="repeatIteration" value="0" />
                </properties>
              </test-case>
            </test-suite>
            <test-suite type="TestFixture" id="1005" name="GameBootstrapStubTests" fullname="AtomicWar.Tests.PlayMode.GameBootstrapStubTests" classname="AtomicWar.Tests.PlayMode.GameBootstrapStubTests" runstate="Runnable" testcasecount="1" result="Passed" start-time="2026-08-03 17:10:51Z" end-time="2026-08-03 17:10:51Z" duration="0.015356" total="1" passed="1" failed="0" inconclusive="0" skipped="0" asserts="0">
              <properties />
              <test-case id="1006" name="Bootstrap_Scene_IsStubbed" fullname="AtomicWar.Tests.PlayMode.GameBootstrapStubTests.Bootstrap_Scene_IsStubbed" methodname="Bootstrap_Scene_IsStubbed" classname="AtomicWar.Tests.PlayMode.GameBootstrapStubTests" runstate="Runnable" seed="1781706931" result="Passed" start-time="2026-08-03 17:10:51Z" end-time="2026-08-03 17:10:51Z" duration="0.012507" asserts="0">
                <properties>
                  <property name="_JOINTYPE" value="UnityCombinatorial" />
                  <property name="retryIteration" value="0" />
                  <property name="repeatIteration" value="0" />
                </properties>
                <reason>
                  <message><![CDATA[Stub: bootstrap integration not yet implemented.]]></message>
                </reason>
              </test-case>
            </test-suite>
            <test-suite type="TestFixture" id="1007" name="HydroponicsPlayModeTests" fullname="AtomicWar.Tests.PlayMode.HydroponicsPlayModeTests" classname="AtomicWar.Tests.PlayMode.HydroponicsPlayModeTests" runstate="Runnable" testcasecount="4" result="Passed" start-time="2026-08-03 17:10:51Z" end-time="2026-08-03 17:10:51Z" duration="0.032087" total="4" passed="4" failed="0" inconclusive="0" skipped="0" asserts="0">
              <properties />
              <test-case id="1010" name="IrrigatingWithDirtyWater_RuinsCrop_And_IntroducesRoomMold" fullname="AtomicWar.Tests.PlayMode.HydroponicsPlayModeTests.IrrigatingWithDirtyWater_RuinsCrop_And_IntroducesRoomMold" methodname="IrrigatingWithDirtyWater_RuinsCrop_And_IntroducesRoomMold" classname="AtomicWar.Tests.PlayMode.HydroponicsPlayModeTests" runstate="Runnable" seed="1370976590" result="Passed" start-time="2026-08-03 17:10:51Z" end-time="2026-08-03 17:10:51Z" duration="0.012480" asserts="0">
                <properties>
                  <property name="_JOINTYPE" value="UnityCombinatorial" />
                  <property name="retryIteration" value="0" />
                  <property name="repeatIteration" value="0" />
                </properties>
              </test-case>
              <test-case id="1008" name="PlantSeeds_ProvideWaterAndLight_ReachesMaturityAndYields" fullname="AtomicWar.Tests.PlayMode.HydroponicsPlayModeTests.PlantSeeds_ProvideWaterAndLight_ReachesMaturityAndYields" methodname="PlantSeeds_ProvideWaterAndLight_ReachesMaturityAndYields" classname="AtomicWar.Tests.PlayMode.HydroponicsPlayModeTests" runstate="Runnable" seed="1453842826" result="Passed" start-time="2026-08-03 17:10:51Z" end-time="2026-08-03 17:10:51Z" duration="0.003708" asserts="0">
                <properties>
                  <property name="_JOINTYPE" value="UnityCombinatorial" />
                  <property name="retryIteration" value="0" />
                  <property name="repeatIteration" value="0" />
                </properties>
              </test-case>
              <test-case id="1009" name="TemperatureDropTo5C_KillsCrop" fullname="AtomicWar.Tests.PlayMode.HydroponicsPlayModeTests.TemperatureDropTo5C_KillsCrop" methodname="TemperatureDropTo5C_KillsCrop" classname="AtomicWar.Tests.PlayMode.HydroponicsPlayModeTests" runstate="Runnable" seed="2067259963" result="Passed" start-time="2026-08-03 17:10:51Z" end-time="2026-08-03 17:10:51Z" duration="0.008632" asserts="0">
                <properties>
                  <property name="_JOINTYPE" value="UnityCombinatorial" />
                  <property name="retryIteration" value="0" />
                  <property name="repeatIteration" value="0" />
                </properties>
              </test-case>
              <test-case id="1011" name="UnpoweredGrowLightsForMoreThan24Hours_StallsCrop" fullname="AtomicWar.Tests.PlayMode.HydroponicsPlayModeTests.UnpoweredGrowLightsForMoreThan24Hours_StallsCrop" methodname="UnpoweredGrowLightsForMoreThan24Hours_StallsCrop" classname="AtomicWar.Tests.PlayMode.HydroponicsPlayModeTests" runstate="Runnable" seed="1829429382" result="Passed" start-time="2026-08-03 17:10:51Z" end-time="2026-08-03 17:10:51Z" duration="0.003804" asserts="0">
                <properties>
                  <property name="_JOINTYPE" value="UnityCombinatorial" />
                  <property name="retryIteration" value="0" />
                  <property name="repeatIteration" value="0" />
                </properties>
              </test-case>
            </test-suite>
            <test-suite type="TestFixture" id="1012" name="InventoryPlayModeTests" fullname="AtomicWar.Tests.PlayMode.InventoryPlayModeTests" classname="AtomicWar.Tests.PlayMode.InventoryPlayModeTests" runstate="Runnable" testcasecount="4" result="Failed" site="Child" start-time="2026-08-03 17:10:51Z" end-time="2026-08-03 17:10:51Z" duration="0.061653" total="4" passed="3" failed="1" inconclusive="0" skipped="0" asserts="0">
              <properties />
              <failure>
                <message><![CDATA[One or more child tests had errors]]></message>
              </failure>
              <test-case id="1014" name="ConsumeIodine_GrantsTimedRadResistance" fullname="AtomicWar.Tests.PlayMode.InventoryPlayModeTests.ConsumeIodine_GrantsTimedRadResistance" methodname="ConsumeIodine_GrantsTimedRadResistance" classname="AtomicWar.Tests.PlayMode.InventoryPlayModeTests" runstate="Runnable" seed="1886828856" result="Passed" start-time="2026-08-03 17:10:51Z" end-time="2026-08-03 17:10:51Z" duration="0.020911" asserts="0">
                <properties>
                  <property name="_JOINTYPE" value="UnityCombinatorial" />
                  <property name="retryIteration" value="0" />
                  <property name="repeatIteration" value="0" />
                </properties>
              </test-case>
              <test-case id="1013" name="EquipSuit_ReducesRadiationExposure" fullname="AtomicWar.Tests.PlayMode.InventoryPlayModeTests.EquipSuit_ReducesRadiationExposure" methodname="EquipSuit_ReducesRadiationExposure" classname="AtomicWar.Tests.PlayMode.InventoryPlayModeTests" runstate="Runnable" seed="195890382" result="Failed" start-time="2026-08-03 17:10:51Z" end-time="2026-08-03 17:10:51Z" duration="0.021523" asserts="0">
                <properties>
                  <property name="_JOINTYPE" value="UnityCombinatorial" />
                  <property name="retryIteration" value="0" />
                  <property name="repeatIteration" value="0" />
                </properties>
                <failure>
                  <message><![CDATA[  Expected: 100.0f +/- 9.99999975E-05f
  But was:  0.0f
]]></message>
                  <stack-trace><![CDATA[at AtomicWar.Tests.PlayMode.InventoryPlayModeTests+<EquipSuit_ReducesRadiationExposure>d__3.MoveNext () [0x0013b] in /home/robertsrff/Music/Atomic_War_Straving_Survival/Atomic War/Assets/Tests/PlayMode/InventoryPlayModeTests.cs:85
at UnityEngine.TestTools.TestEnumerator+<Execute>d__7.MoveNext () [0x0003a] in ./Library/PackageCache/com.unity.test-framework@773a3a4953ad/UnityEngine.TestRunner/NUnitExtensions/Attributes/TestEnumerator.cs:44
]]></stack-trace>
                </failure>
              </test-case>
              <test-case id="1015" name="SaveLoad_InventoryStaysIntact" fullname="AtomicWar.Tests.PlayMode.InventoryPlayModeTests.SaveLoad_InventoryStaysIntact" methodname="SaveLoad_InventoryStaysIntact" classname="AtomicWar.Tests.PlayMode.InventoryPlayModeTests" runstate="Runnable" seed="1402568863" result="Passed" start-time="2026-08-03 17:10:51Z" end-time="2026-08-03 17:10:51Z" duration="0.010181" asserts="0">
                <properties>
                  <property name="_JOINTYPE" value="UnityCombinatorial" />
                  <property name="retryIteration" value="0" />
                  <property name="repeatIteration" value="0" />
                </properties>
              </test-case>
              <test-case id="1016" name="WeightLimit_BlocksAdd_And_TransferMovesStock" fullname="AtomicWar.Tests.PlayMode.InventoryPlayModeTests.WeightLimit_BlocksAdd_And_TransferMovesStock" methodname="WeightLimit_BlocksAdd_And_TransferMovesStock" classname="AtomicWar.Tests.PlayMode.InventoryPlayModeTests" runstate="Runnable" seed="1929626384" result="Passed" start-time="2026-08-03 17:10:51Z" end-time="2026-08-03 17:10:51Z" duration="0.004827" asserts="0">
                <properties>
                  <property name="_JOINTYPE" value="UnityCombinatorial" />
                  <property name="retryIteration" value="0" />
                  <property name="repeatIteration" value="0" />
                </properties>
                <output><![CDATA[Saving results to: /home/robertsrff/.config/unity3d/DefaultCompany/Atomic War/TestResults.xml
]]></output>
              </test-case>
            </test-suite>
          </test-suite>
        </test-suite>
      </test-suite>
    </test-suite>
  </test-suite>
</test-run>