<?xml version="1.0" encoding="utf-8"?>
<test-run id="2" testcasecount="623" result="Passed" total="623" passed="623" failed="0" inconclusive="0" skipped="0" asserts="0" engine-version="3.5.0.0" clr-version="4.0.30319.42000" start-time="2026-08-04 11:52:56Z" end-time="2026-08-04 11:52:58Z" duration="2.6529118">
  <test-suite type="TestSuite" id="1000" name="Atomic War" fullname="Atomic War" runstate="Runnable" testcasecount="623" result="Passed" start-time="2026-08-04 11:52:56Z" end-time="2026-08-04 11:52:58Z" duration="2.652912" total="623" passed="623" failed="0" inconclusive="0" skipped="0" asserts="0">
    <properties>
      <property name="platform" value="EditMode" />
    </properties>
    <test-suite type="Assembly" id="1688" name="AtomicWar.Tests.EditMode.dll" fullname="/home/robertsrff/Music/Atomic_War_Straving_Survival/Atomic War/Library/ScriptAssemblies/AtomicWar.Tests.EditMode.dll" runstate="Runnable" testcasecount="623" result="Passed" start-time="2026-08-04 11:52:56Z" end-time="2026-08-04 11:52:58Z" duration="2.642745" total="623" passed="623" failed="0" inconclusive="0" skipped="0" asserts="0">
      <properties>
        <property name="_PID" value="134388" />
        <property name="_APPDOMAIN" value="Unity Child Domain" />
        <property name="platform" value="EditMode" />
        <property name="EditorOnly" value="True" />
      </properties>
      <test-suite type="TestSuite" id="1689" name="AtomicWar" fullname="AtomicWar" runstate="Runnable" testcasecount="623" result="Passed" start-time="2026-08-04 11:52:56Z" end-time="2026-08-04 11:52:58Z" duration="2.642105" total="623" passed="623" failed="0" inconclusive="0" skipped="0" asserts="0">
        <properties />
        <test-suite type="TestSuite" id="1690" name="Tests" fullname="AtomicWar.Tests" runstate="Runnable" testcasecount="623" result="Passed" start-time="2026-08-04 11:52:56Z" end-time="2026-08-04 11:52:58Z" duration="2.641836" total="623" passed="623" failed="0" inconclusive="0" skipped="0" asserts="0">
          <properties />
          <test-suite type="TestSuite" id="1691" name="EditMode" fullname="AtomicWar.Tests.EditMode" runstate="Runnable" testcasecount="623" result="Passed" start-time="2026-08-04 11:52:56Z" end-time="2026-08-04 11:52:58Z" duration="2.641108" total="623" passed="623" failed="0" inconclusive="0" skipped="0" asserts="0">
            <properties />
            <test-suite type="TestFixture" id="1001" name="BeliefSmokeTest" fullname="AtomicWar.Tests.EditMode.BeliefSmokeTest" classname="AtomicWar.Tests.EditMode.BeliefSmokeTest" runstate="Runnable" testcasecount="1" result="Passed" start-time="2026-08-04 11:52:56Z" end-time="2026-08-04 11:52:56Z" duration="0.055939" total="1" passed="1" failed="0" inconclusive="0" skipped="0" asserts="0">
              <properties />
              <test-case id="1002" name="SameShelterAndSupplies_ThreeTraitMixes_ProduceThreeDifferentOutcomes" fullname="AtomicWar.Tests.EditMode.BeliefSmokeTest.SameShelterAndSupplies_ThreeTraitMixes_ProduceThreeDifferentOutcomes" methodname="SameShelterAndSupplies_ThreeTraitMixes_ProduceThreeDifferentOutcomes" classname="AtomicWar.Tests.EditMode.BeliefSmokeTest" runstate="Runnable" seed="903620622" result="Passed" start-time="2026-08-04 11:52:56Z" end-time="2026-08-04 11:52:56Z" duration="0.035509" asserts="0">
                <properties>
                  <property name="retryIteration" value="0" />
                  <property name="repeatIteration" value="0" />
                </properties>
              </test-case>
            </test-suite>
            <test-suite type="TestFixture" id="1003" name="BeliefSystemTests" fullname="AtomicWar.Tests.EditMode.BeliefSystemTests" classname="AtomicWar.Tests.EditMode.BeliefSystemTests" runstate="Runnable" testcasecount="4" result="Passed" start-time="2026-08-04 11:52:56Z" end-time="2026-08-04 11:52:56Z" duration="0.009605" total="4" passed="4" failed="0" inconclusive="0" skipped="0" asserts="0">
              <properties />
              <test-case id="1007" name="AnxietyRisesWhenRiskAndUncertaintyBothHigh_NotWhenEitherLow" fullname="AtomicWar.Tests.EditMode.BeliefSystemTests.AnxietyRisesWhenRiskAndUncertaintyBothHigh_NotWhenEitherLow" methodname="AnxietyRisesWhenRiskAndUncertaintyBothHigh_NotWhenEitherLow" classname="AtomicWar.Tests.EditMode.BeliefSystemTests" runstate="Runnable" seed="1071540856" result="Passed" start-time="2026-08-04 11:52:56Z" end-time="2026-08-04 11:52:56Z" duration="0.000902" asserts="0">
                <properties>
                  <property name="retryIteration" value="0" />
                  <property name="repeatIteration" value="0" />
                </properties>
              </test-case>
              <test-case id="1005" name="BrokenGeigerSurvivedHotTrip_LowersRecklessPerceivedRadRisk" fullname="AtomicWar.Tests.EditMode.BeliefSystemTests.BrokenGeigerSurvivedHotTrip_LowersRecklessPerceivedRadRisk" methodname="BrokenGeigerSurvivedHotTrip_LowersRecklessPerceivedRadRisk" classname="AtomicWar.Tests.EditMode.BeliefSystemTests" runstate="Runnable" seed="1087765952" result="Passed" start-time="2026-08-04 11:52:56Z" end-time="2026-08-04 11:52:56Z" duration="0.000241" asserts="0">
                <properties>
                  <property name="retryIteration" value="0" />
                  <property name="repeatIteration" value="0" />
                </properties>
              </test-case>
              <test-case id="1006" name="ObserveSicknessNearby_RaisesPerceivedRadRisk_MoreForParanoid" fullname="AtomicWar.Tests.EditMode.BeliefSystemTests.ObserveSicknessNearby_RaisesPerceivedRadRisk_MoreForParanoid" methodname="ObserveSicknessNearby_RaisesPerceivedRadRisk_MoreForParanoid" classname="AtomicWar.Tests.EditMode.BeliefSystemTests" runstate="Runnable" seed="530053322" result="Passed" start-time="2026-08-04 11:52:56Z" end-time="2026-08-04 11:52:56Z" duration="0.000644" asserts="0">
                <properties>
                  <property name="retryIteration" value="0" />
                  <property name="repeatIteration" value="0" />
                </properties>
              </test-case>
              <test-case id="1004" name="SameWorldState_ParanoidVsDenialist_ProduceDifferentTopAction" fullname="AtomicWar.Tests.EditMode.BeliefSystemTests.SameWorldState_ParanoidVsDenialist_ProduceDifferentTopAction" methodname="SameWorldState_ParanoidVsDenialist_ProduceDifferentTopAction" classname="AtomicWar.Tests.EditMode.BeliefSystemTests" runstate="Runnable" seed="2106943920" result="Passed" start-time="2026-08-04 11:52:56Z" end-time="2026-08-04 11:52:56Z" duration="0.006142" asserts="0">
                <properties>
                  <property name="retryIteration" value="0" />
                  <property name="repeatIteration" value="0" />
                </properties>
              </test-case>
            </test-suite>
            <test-suite type="TestFixture" id="1008" name="BlackRainTests" fullname="AtomicWar.Tests.EditMode.BlackRainTests" classname="AtomicWar.Tests.EditMode.BlackRainTests" runstate="Runnable" testcasecount="13" result="Passed" start-time="2026-08-04 11:52:56Z" end-time="2026-08-04 11:52:56Z" duration="0.027179" total="13" passed="13" failed="0" inconclusive="0" skipped="0" asserts="0">
              <properties />
              <test-case id="1011" name="BlackRain_WithClosedCatchment_DoesNotRuinOrCollect" fullname="AtomicWar.Tests.EditMode.BlackRainTests.BlackRain_WithClosedCatchment_DoesNotRuinOrCollect" methodname="BlackRain_WithClosedCatchment_DoesNotRuinOrCollect" classname="AtomicWar.Tests.EditMode.BlackRainTests" runstate="Runnable" seed="11282994" result="Passed" start-time="2026-08-04 11:52:56Z" end-time="2026-08-04 11:52:56Z" duration="0.011868" asserts="0">
                <properties>
                  <property name="retryIteration" value="0" />
                  <property name="repeatIteration" value="0" />
                </properties>
              </test-case>
              <test-case id="1010" name="BlackRain_WithOpenCatchment_RuinsCleanWater_AndAddsIrradiated" fullname="AtomicWar.Tests.EditMode.BlackRainTests.BlackRain_WithOpenCatchment_RuinsCleanWater_AndAddsIrradiated" methodname="BlackRain_WithOpenCatchment_RuinsCleanWater_AndAddsIrradiated" classname="AtomicWar.Tests.EditMode.BlackRainTests" runstate="Runnable" seed="574969446" result="Passed" start-time="2026-08-04 11:52:56Z" end-time="2026-08-04 11:52:56Z" duration="0.000696" asserts="0">
                <properties>
                  <property name="retryIteration" value="0" />
                  <property name="repeatIteration" value="0" />
                </properties>
              </test-case>
              <test-case id="1018" name="ExtremeWeather_IncludesBlackRain_ForHatchEntrapment" fullname="AtomicWar.Tests.EditMode.BlackRainTests.ExtremeWeather_IncludesBlackRain_ForHatchEntrapment" methodname="ExtremeWeather_IncludesBlackRain_ForHatchEntrapment" classname="AtomicWar.Tests.EditMode.BlackRainTests" runstate="Runnable" seed="501242619" result="Passed" start-time="2026-08-04 11:52:56Z" end-time="2026-08-04 11:52:56Z" duration="0.000373" asserts="0">
                <properties>
                  <property name="retryIteration" value="0" />
                  <property name="repeatIteration" value="0" />
                </properties>
              </test-case>
              <test-case id="1009" name="ForceWeather_BlackRain_SetsCurrentAndOutdoorRad" fullname="AtomicWar.Tests.EditMode.BlackRainTests.ForceWeather_BlackRain_SetsCurrentAndOutdoorRad" methodname="ForceWeather_BlackRain_SetsCurrentAndOutdoorRad" classname="AtomicWar.Tests.EditMode.BlackRainTests" runstate="Runnable" seed="1230843837" result="Passed" start-time="2026-08-04 11:52:56Z" end-time="2026-08-04 11:52:56Z" duration="0.003052" asserts="0">
                <properties>
                  <property name="retryIteration" value="0" />
                  <property name="repeatIteration" value="0" />
                </properties>
              </test-case>
              <test-case id="1014" name="HatchListener_GainsDread_DuringBlackRain" fullname="AtomicWar.Tests.EditMode.BlackRainTests.HatchListener_GainsDread_DuringBlackRain" methodname="HatchListener_GainsDread_DuringBlackRain" classname="AtomicWar.Tests.EditMode.BlackRainTests" runstate="Runnable" seed="1181059264" result="Passed" start-time="2026-08-04 11:52:56Z" end-time="2026-08-04 11:52:56Z" duration="0.001300" asserts="0">
                <properties>
                  <property name="retryIteration" value="0" />
                  <property name="repeatIteration" value="0" />
                </properties>
              </test-case>
              <test-case id="1012" name="Hazmat_DegradesFaster_UnderBlackRain_ThanFalloutStorm" fullname="AtomicWar.Tests.EditMode.BlackRainTests.Hazmat_DegradesFaster_UnderBlackRain_ThanFalloutStorm" methodname="Hazmat_DegradesFaster_UnderBlackRain_ThanFalloutStorm" classname="AtomicWar.Tests.EditMode.BlackRainTests" runstate="Runnable" seed="748050461" result="Passed" start-time="2026-08-04 11:52:56Z" end-time="2026-08-04 11:52:56Z" duration="0.000694" asserts="0">
                <properties>
                  <property name="retryIteration" value="0" />
                  <property name="repeatIteration" value="0" />
                </properties>
              </test-case>
              <test-case id="1013" name="OutdoorSurvivor_GainsDread_DuringBlackRain_AndClearsWhenOver" fullname="AtomicWar.Tests.EditMode.BlackRainTests.OutdoorSurvivor_GainsDread_DuringBlackRain_AndClearsWhenOver" methodname="OutdoorSurvivor_GainsDread_DuringBlackRain_AndClearsWhenOver" classname="AtomicWar.Tests.EditMode.BlackRainTests" runstate="Runnable" seed="1494048932" result="Passed" start-time="2026-08-04 11:52:56Z" end-time="2026-08-04 11:52:56Z" duration="0.000777" asserts="0">
                <properties>
                  <property name="retryIteration" value="0" />
                  <property name="repeatIteration" value="0" />
                </properties>
              </test-case>
              <test-case id="1020" name="RadioSignal_BlackRain_WorseThanFalloutStorm" fullname="AtomicWar.Tests.EditMode.BlackRainTests.RadioSignal_BlackRain_WorseThanFalloutStorm" methodname="RadioSignal_BlackRain_WorseThanFalloutStorm" classname="AtomicWar.Tests.EditMode.BlackRainTests" runstate="Runnable" seed="441824373" result="Passed" start-time="2026-08-04 11:52:56Z" end-time="2026-08-04 11:52:56Z" duration="0.000383" asserts="0">
                <properties>
                  <property name="retryIteration" value="0" />
                  <property name="repeatIteration" value="0" />
                </properties>
              </test-case>
              <test-case id="1015" name="RestrictToNonHazardWeather_NeverRollsBlackRain" fullname="AtomicWar.Tests.EditMode.BlackRainTests.RestrictToNonHazardWeather_NeverRollsBlackRain" methodname="RestrictToNonHazardWeather_NeverRollsBlackRain" classname="AtomicWar.Tests.EditMode.BlackRainTests" runstate="Runnable" seed="916840787" result="Passed" start-time="2026-08-04 11:52:56Z" end-time="2026-08-04 11:52:56Z" duration="0.002400" asserts="0">
                <properties>
                  <property name="retryIteration" value="0" />
                  <property name="repeatIteration" value="0" />
                </properties>
              </test-case>
              <test-case id="1017" name="SaveLoad_RestoresBlackRainCurrent" fullname="AtomicWar.Tests.EditMode.BlackRainTests.SaveLoad_RestoresBlackRainCurrent" methodname="SaveLoad_RestoresBlackRainCurrent" classname="AtomicWar.Tests.EditMode.BlackRainTests" runstate="Runnable" seed="1085604529" result="Passed" start-time="2026-08-04 11:52:56Z" end-time="2026-08-04 11:52:56Z" duration="0.000660" asserts="0">
                <properties>
                  <property name="retryIteration" value="0" />
                  <property name="repeatIteration" value="0" />
                </properties>
              </test-case>
              <test-case id="1016" name="SeasonRoll_CanProduceBlackRain_WhenWeightPositive" fullname="AtomicWar.Tests.EditMode.BlackRainTests.SeasonRoll_CanProduceBlackRain_WhenWeightPositive" methodname="SeasonRoll_CanProduceBlackRain_WhenWeightPositive" classname="AtomicWar.Tests.EditMode.BlackRainTests" runstate="Runnable" seed="931430598" result="Passed" start-time="2026-08-04 11:52:56Z" end-time="2026-08-04 11:52:56Z" duration="0.000565" asserts="0">
                <properties>
                  <property name="retryIteration" value="0" />
                  <property name="repeatIteration" value="0" />
                </properties>
              </test-case>
              <test-case id="1021" name="TemperaturePenalty_BlackRain_IsNegative" fullname="AtomicWar.Tests.EditMode.BlackRainTests.TemperaturePenalty_BlackRain_IsNegative" methodname="TemperaturePenalty_BlackRain_IsNegative" classname="AtomicWar.Tests.EditMode.BlackRainTests" runstate="Runnable" seed="1167636046" result="Passed" start-time="2026-08-04 11:52:56Z" end-time="2026-08-04 11:52:56Z" duration="0.000369" asserts="0">
                <properties>
                  <property name="retryIteration" value="0" />
                  <property name="repeatIteration" value="0" />
                </properties>
              </test-case>
              <test-case id="1019" name="TravelMultiplier_BlackRain_IsAtLeastFalloutStorm" fullname="AtomicWar.Tests.EditMode.BlackRainTests.TravelMultiplier_BlackRain_IsAtLeastFalloutStorm" methodname="TravelMultiplier_BlackRain_IsAtLeastFalloutStorm" classname="AtomicWar.Tests.EditMode.BlackRainTests" runstate="Runnable" seed="1881623024" result="Passed" start-time="2026-08-04 11:52:56Z" end-time="2026-08-04 11:52:56Z" duration="0.000619" asserts="0">
                <properties>
                  <property name="retryIteration" value="0" />
                  <property name="repeatIteration" value="0" />
                </properties>
              </test-case>
            </test-suite>
            <test-suite type="TestFixture" id="1022" name="BloodForWaterEventTests" fullname="AtomicWar.Tests.EditMode.BloodForWaterEventTests" classname="AtomicWar.Tests.EditMode.BloodForWaterEventTests" runstate="Runnable" testcasecount="15" result="Passed" start-time="2026-08-04 11:52:56Z" end-time="2026-08-04 11:52:56Z" duration="0.031379" total="15" passed="15" failed="0" inconclusive="0" skipped="0" asserts="0">
              <properties />
              <test-case id="1037" name="BiologicalTradeItem_HasAllExpectedValues" fullname="AtomicWar.Tests.EditMode.BloodForWaterEventTests.BiologicalTradeItem_HasAllExpectedValues" methodname="BiologicalTradeItem_HasAllExpectedValues" classname="AtomicWar.Tests.EditMode.BloodForWaterEventTests" runstate="Runnable" seed="561171849" result="Passed" start-time="2026-08-04 11:52:56Z" end-time="2026-08-04 11:52:56Z" duration="0.006000" asserts="0">
                <properties>
                  <property name="retryIteration" value="0" />
                  <property name="repeatIteration" value="0" />
                </properties>
              </test-case>
              <test-case id="1026" name="BloodForWater_BleedInflictsBloodLossAffliction" fullname="AtomicWar.Tests.EditMode.BloodForWaterEventTests.BloodForWater_BleedInflictsBloodLossAffliction" methodname="BloodForWater_BleedInflictsBloodLossAffliction" classname="AtomicWar.Tests.EditMode.BloodForWaterEventTests" runstate="Runnable" seed="1395924394" result="Passed" start-time="2026-08-04 11:52:56Z" end-time="2026-08-04 11:52:56Z" duration="0.010514" asserts="0">
                <properties>
                  <property name="retryIteration" value="0" />
                  <property name="repeatIteration" value="0" />
                </properties>
              </test-case>
              <test-case id="1036" name="BloodForWater_BloodLoss_TickDrainsFatigueAndCapsStamina" fullname="AtomicWar.Tests.EditMode.BloodForWaterEventTests.BloodForWater_BloodLoss_TickDrainsFatigueAndCapsStamina" methodname="BloodForWater_BloodLoss_TickDrainsFatigueAndCapsStamina" classname="AtomicWar.Tests.EditMode.BloodForWaterEventTests" runstate="Runnable" seed="1458920242" result="Passed" start-time="2026-08-04 11:52:56Z" end-time="2026-08-04 11:52:56Z" duration="0.001867" asserts="0">
                <properties>
                  <property name="retryIteration" value="0" />
                  <property name="repeatIteration" value="0" />
                </properties>
              </test-case>
              <test-case id="1025" name="BloodForWater_FatalistSurvivor_BleedChoiceAppears_AndGrantsInventory" fullname="AtomicWar.Tests.EditMode.BloodForWaterEventTests.BloodForWater_FatalistSurvivor_BleedChoiceAppears_AndGrantsInventory" methodname="BloodForWater_FatalistSurvivor_BleedChoiceAppears_AndGrantsInventory" classname="AtomicWar.Tests.EditMode.BloodForWaterEventTests" runstate="Runnable" seed="923850166" result="Passed" start-time="2026-08-04 11:52:56Z" end-time="2026-08-04 11:52:56Z" duration="0.002028" asserts="0">
                <properties>
                  <property name="retryIteration" value="0" />
                  <property name="repeatIteration" value="0" />
                </properties>
              </test-case>
              <test-case id="1033" name="BloodForWater_FindBloodDonor_FallsBackToNonParanoid" fullname="AtomicWar.Tests.EditMode.BloodForWaterEventTests.BloodForWater_FindBloodDonor_FallsBackToNonParanoid" methodname="BloodForWater_FindBloodDonor_FallsBackToNonParanoid" classname="AtomicWar.Tests.EditMode.BloodForWaterEventTests" runstate="Runnable" seed="331883551" result="Passed" start-time="2026-08-04 11:52:56Z" end-time="2026-08-04 11:52:56Z" duration="0.000639" asserts="0">
                <properties>
                  <property name="retryIteration" value="0" />
                  <property name="repeatIteration" value="0" />
                </properties>
              </test-case>
              <test-case id="1032" name="BloodForWater_FindBloodDonor_PrefersFatalist" fullname="AtomicWar.Tests.EditMode.BloodForWaterEventTests.BloodForWater_FindBloodDonor_PrefersFatalist" methodname="BloodForWater_FindBloodDonor_PrefersFatalist" classname="AtomicWar.Tests.EditMode.BloodForWaterEventTests" runstate="Runnable" seed="1458962431" result="Passed" start-time="2026-08-04 11:52:56Z" end-time="2026-08-04 11:52:56Z" duration="0.000511" asserts="0">
                <properties>
                  <property name="retryIteration" value="0" />
                  <property name="repeatIteration" value="0" />
                </properties>
              </test-case>
              <test-case id="1034" name="BloodForWater_FindBloodDonor_ReturnsNullForAllParanoid" fullname="AtomicWar.Tests.EditMode.BloodForWaterEventTests.BloodForWater_FindBloodDonor_ReturnsNullForAllParanoid" methodname="BloodForWater_FindBloodDonor_ReturnsNullForAllParanoid" classname="AtomicWar.Tests.EditMode.BloodForWaterEventTests" runstate="Runnable" seed="35405641" result="Passed" start-time="2026-08-04 11:52:56Z" end-time="2026-08-04 11:52:56Z" duration="0.000577" asserts="0">
                <properties>
                  <property name="retryIteration" value="0" />
                  <property name="repeatIteration" value="0" />
                </properties>
              </test-case>
              <test-case id="1029" name="BloodForWater_ForceBleed_SlamsAffToFloor" fullname="AtomicWar.Tests.EditMode.BloodForWaterEventTests.BloodForWater_ForceBleed_SlamsAffToFloor" methodname="BloodForWater_ForceBleed_SlamsAffToFloor" classname="AtomicWar.Tests.EditMode.BloodForWaterEventTests" runstate="Runnable" seed="969882771" result="Passed" start-time="2026-08-04 11:52:56Z" end-time="2026-08-04 11:52:56Z" duration="0.002518" asserts="0">
                <properties>
                  <property name="retryIteration" value="0" />
                  <property name="repeatIteration" value="0" />
                </properties>
              </test-case>
              <test-case id="1024" name="BloodForWater_GateFlag_BlocksWhenAbsent" fullname="AtomicWar.Tests.EditMode.BloodForWaterEventTests.BloodForWater_GateFlag_BlocksWhenAbsent" methodname="BloodForWater_GateFlag_BlocksWhenAbsent" classname="AtomicWar.Tests.EditMode.BloodForWaterEventTests" runstate="Runnable" seed="212201531" result="Passed" start-time="2026-08-04 11:52:56Z" end-time="2026-08-04 11:52:56Z" duration="0.000711" asserts="0">
                <properties>
                  <property name="retryIteration" value="0" />
                  <property name="repeatIteration" value="0" />
                </properties>
              </test-case>
              <test-case id="1035" name="BloodForWater_IgnoresDeadSurvivors" fullname="AtomicWar.Tests.EditMode.BloodForWaterEventTests.BloodForWater_IgnoresDeadSurvivors" methodname="BloodForWater_IgnoresDeadSurvivors" classname="AtomicWar.Tests.EditMode.BloodForWaterEventTests" runstate="Runnable" seed="1957606977" result="Passed" start-time="2026-08-04 11:52:56Z" end-time="2026-08-04 11:52:56Z" duration="0.000498" asserts="0">
                <properties>
                  <property name="retryIteration" value="0" />
                  <property name="repeatIteration" value="0" />
                </properties>
              </test-case>
              <test-case id="1031" name="BloodForWater_IgnoreSummons_HasNoReward" fullname="AtomicWar.Tests.EditMode.BloodForWaterEventTests.BloodForWater_IgnoreSummons_HasNoReward" methodname="BloodForWater_IgnoreSummons_HasNoReward" classname="AtomicWar.Tests.EditMode.BloodForWaterEventTests" runstate="Runnable" seed="1520663239" result="Passed" start-time="2026-08-04 11:52:56Z" end-time="2026-08-04 11:52:56Z" duration="0.000564" asserts="0">
                <properties>
                  <property name="retryIteration" value="0" />
                  <property name="repeatIteration" value="0" />
                </properties>
              </test-case>
              <test-case id="1028" name="BloodForWater_NoParanoid_ForceChoiceHidden" fullname="AtomicWar.Tests.EditMode.BloodForWaterEventTests.BloodForWater_NoParanoid_ForceChoiceHidden" methodname="BloodForWater_NoParanoid_ForceChoiceHidden" classname="AtomicWar.Tests.EditMode.BloodForWaterEventTests" runstate="Runnable" seed="2113637950" result="Passed" start-time="2026-08-04 11:52:56Z" end-time="2026-08-04 11:52:56Z" duration="0.000558" asserts="0">
                <properties>
                  <property name="retryIteration" value="0" />
                  <property name="repeatIteration" value="0" />
                </properties>
              </test-case>
              <test-case id="1027" name="BloodForWater_ParanoidSurvivor_ForceChoiceAppears" fullname="AtomicWar.Tests.EditMode.BloodForWaterEventTests.BloodForWater_ParanoidSurvivor_ForceChoiceAppears" methodname="BloodForWater_ParanoidSurvivor_ForceChoiceAppears" classname="AtomicWar.Tests.EditMode.BloodForWaterEventTests" runstate="Runnable" seed="140197434" result="Passed" start-time="2026-08-04 11:52:56Z" end-time="2026-08-04 11:52:56Z" duration="0.000442" asserts="0">
                <properties>
                  <property name="retryIteration" value="0" />
                  <property name="repeatIteration" value="0" />
                </properties>
              </test-case>
              <test-case id="1023" name="BloodForWater_PoolContainsEventAfterBootstrap" fullname="AtomicWar.Tests.EditMode.BloodForWaterEventTests.BloodForWater_PoolContainsEventAfterBootstrap" methodname="BloodForWater_PoolContainsEventAfterBootstrap" classname="AtomicWar.Tests.EditMode.BloodForWaterEventTests" runstate="Runnable" seed="684320" result="Passed" start-time="2026-08-04 11:52:56Z" end-time="2026-08-04 11:52:56Z" duration="0.000679" asserts="0">
                <properties>
                  <property name="retryIteration" value="0" />
                  <property name="repeatIteration" value="0" />
                </properties>
              </test-case>
              <test-case id="1030" name="BloodForWater_RefuseConvoy_AppliesNegativeTrust" fullname="AtomicWar.Tests.EditMode.BloodForWaterEventTests.BloodForWater_RefuseConvoy_AppliesNegativeTrust" methodname="BloodForWater_RefuseConvoy_AppliesNegativeTrust" classname="AtomicWar.Tests.EditMode.BloodForWaterEventTests" runstate="Runnable" seed="784180903" result="Passed" start-time="2026-08-04 11:52:56Z" end-time="2026-08-04 11:52:56Z" duration="0.000632" asserts="0">
                <properties>
                  <property name="retryIteration" value="0" />
                  <property name="repeatIteration" value="0" />
                </properties>
              </test-case>
            </test-suite>
            <test-suite type="TestFixture" id="1038" name="BuildPipelineValidationTests" fullname="AtomicWar.Tests.EditMode.BuildPipelineValidationTests" classname="AtomicWar.Tests.EditMode.BuildPipelineValidationTests" runstate="Runnable" testcasecount="3" result="Passed" start-time="2026-08-04 11:52:56Z" end-time="2026-08-04 11:52:56Z" duration="0.032189" total="3" passed="3" failed="0" inconclusive="0" skipped="0" asserts="0">
              <properties />
              <test-case id="1040" name="BuildPipeline_ExecutesDataValidationGate_AndOutputsBuildLog" fullname="AtomicWar.Tests.EditMode.BuildPipelineValidationTests.BuildPipeline_ExecutesDataValidationGate_AndOutputsBuildLog" methodname="BuildPipeline_ExecutesDataValidationGate_AndOutputsBuildLog" classname="AtomicWar.Tests.EditMode.BuildPipelineValidationTests" runstate="Runnable" seed="1444294807" result="Passed" start-time="2026-08-04 11:52:56Z" end-time="2026-08-04 11:52:56Z" duration="0.027722" asserts="0">
                <properties>
                  <property name="retryIteration" value="0" />
                  <property name="repeatIteration" value="0" />
                </properties>
                <output><![CDATA[[BuildPipeline] Build pipeline completed successfully.
]]></output>
              </test-case>
              <test-case id="1039" name="ValidateData_WithValidJson_PassesDataValidationGate" fullname="AtomicWar.Tests.EditMode.BuildPipelineValidationTests.ValidateData_WithValidJson_PassesDataValidationGate" methodname="ValidateData_WithValidJson_PassesDataValidationGate" classname="AtomicWar.Tests.EditMode.BuildPipelineValidationTests" runstate="Runnable" seed="1403146504" result="Passed" start-time="2026-08-04 11:52:56Z" end-time="2026-08-04 11:52:56Z" duration="0.001410" asserts="0">
                <properties>
                  <property name="retryIteration" value="0" />
                  <property name="repeatIteration" value="0" />
                </properties>
              </test-case>
              <test-case id="1041" name="ValidationGate_DetectsBrokenRecipeReference_AndHaltsPipeline" fullname="AtomicWar.Tests.EditMode.BuildPipelineValidationTests.ValidationGate_DetectsBrokenRecipeReference_AndHaltsPipeline" methodname="ValidationGate_DetectsBrokenRecipeReference_AndHaltsPipeline" classname="AtomicWar.Tests.EditMode.BuildPipelineValidationTests" runstate="Runnable" seed="1057221364" result="Passed" start-time="2026-08-04 11:52:56Z" end-time="2026-08-04 11:52:56Z" duration="0.001416" asserts="0">
                <properties>
                  <property name="retryIteration" value="0" />
                  <property name="repeatIteration" value="0" />
                </properties>
              </test-case>
            </test-suite>
            <test-suite type="TestFixture" id="1042" name="CraftingTests" fullname="AtomicWar.Tests.EditMode.CraftingTests" classname="AtomicWar.Tests.EditMode.CraftingTests" runstate="Runnable" testcasecount="7" result="Passed" start-time="2026-08-04 11:52:56Z" end-time="2026-08-04 11:52:56Z" duration="0.007654" total="7" passed="7" failed="0" inconclusive="0" skipped="0" asserts="0">
              <properties />
              <test-case id="1043" name="CanCraft_FalseWhenIngredientsMissing_TrueWhenPresent" fullname="AtomicWar.Tests.EditMode.CraftingTests.CanCraft_FalseWhenIngredientsMissing_TrueWhenPresent" methodname="CanCraft_FalseWhenIngredientsMissing_TrueWhenPresent" classname="AtomicWar.Tests.EditMode.CraftingTests" runstate="Runnable" seed="284615840" result="Passed" start-time="2026-08-04 11:52:56Z" end-time="2026-08-04 11:52:56Z" duration="0.002113" asserts="0">
                <properties>
                  <property name="retryIteration" value="0" />
                  <property name="repeatIteration" value="0" />
                </properties>
              </test-case>
              <test-case id="1049" name="RecipeCatalog_GetById_ReturnsMatchOrNull" fullname="AtomicWar.Tests.EditMode.CraftingTests.RecipeCatalog_GetById_ReturnsMatchOrNull" methodname="RecipeCatalog_GetById_ReturnsMatchOrNull" classname="AtomicWar.Tests.EditMode.CraftingTests" runstate="Runnable" seed="1393888474" result="Passed" start-time="2026-08-04 11:52:56Z" end-time="2026-08-04 11:52:56Z" duration="0.000904" asserts="0">
                <properties>
                  <property name="retryIteration" value="0" />
                  <property name="repeatIteration" value="0" />
                </properties>
              </test-case>
              <test-case id="1044" name="StartCraft_ConsumesIngredients_AndYieldsOutputAfterTime" fullname="AtomicWar.Tests.EditMode.CraftingTests.StartCraft_ConsumesIngredients_AndYieldsOutputAfterTime" methodname="StartCraft_ConsumesIngredients_AndYieldsOutputAfterTime" classname="AtomicWar.Tests.EditMode.CraftingTests" runstate="Runnable" seed="916231939" result="Passed" start-time="2026-08-04 11:52:56Z" end-time="2026-08-04 11:52:56Z" duration="0.001287" asserts="0">
                <properties>
                  <property name="retryIteration" value="0" />
                  <property name="repeatIteration" value="0" />
                </properties>
              </test-case>
              <test-case id="1045" name="StartCraft_FalseWhenIngredientsMissing" fullname="AtomicWar.Tests.EditMode.CraftingTests.StartCraft_FalseWhenIngredientsMissing" methodname="StartCraft_FalseWhenIngredientsMissing" classname="AtomicWar.Tests.EditMode.CraftingTests" runstate="Runnable" seed="1930235979" result="Passed" start-time="2026-08-04 11:52:56Z" end-time="2026-08-04 11:52:56Z" duration="0.000322" asserts="0">
                <properties>
                  <property name="retryIteration" value="0" />
                  <property name="repeatIteration" value="0" />
                </properties>
              </test-case>
              <test-case id="1046" name="StationGating_RequiresAnOperationalStation" fullname="AtomicWar.Tests.EditMode.CraftingTests.StationGating_RequiresAnOperationalStation" methodname="StationGating_RequiresAnOperationalStation" classname="AtomicWar.Tests.EditMode.CraftingTests" runstate="Runnable" seed="81277158" result="Passed" start-time="2026-08-04 11:52:56Z" end-time="2026-08-04 11:52:56Z" duration="0.000537" asserts="0">
                <properties>
                  <property name="retryIteration" value="0" />
                  <property name="repeatIteration" value="0" />
                </properties>
              </test-case>
              <test-case id="1047" name="Tick_DegradesStationWhenCraftCompletes" fullname="AtomicWar.Tests.EditMode.CraftingTests.Tick_DegradesStationWhenCraftCompletes" methodname="Tick_DegradesStationWhenCraftCompletes" classname="AtomicWar.Tests.EditMode.CraftingTests" runstate="Runnable" seed="296901208" result="Passed" start-time="2026-08-04 11:52:56Z" end-time="2026-08-04 11:52:56Z" duration="0.000454" asserts="0">
                <properties>
                  <property name="retryIteration" value="0" />
                  <property name="repeatIteration" value="0" />
                </properties>
              </test-case>
              <test-case id="1048" name="Tick_WhilePaused_DoesNotAdvanceCrafts" fullname="AtomicWar.Tests.EditMode.CraftingTests.Tick_WhilePaused_DoesNotAdvanceCrafts" methodname="Tick_WhilePaused_DoesNotAdvanceCrafts" classname="AtomicWar.Tests.EditMode.CraftingTests" runstate="Runnable" seed="1861255573" result="Passed" start-time="2026-08-04 11:52:56Z" end-time="2026-08-04 11:52:56Z" duration="0.000369" asserts="0">
                <properties>
                  <property name="retryIteration" value="0" />
                  <property name="repeatIteration" value="0" />
                </properties>
              </test-case>
            </test-suite>
            <test-suite type="TestFixture" id="1050" name="DayTickGcProfileTests" fullname="AtomicWar.Tests.EditMode.DayTickGcProfileTests" classname="AtomicWar.Tests.EditMode.DayTickGcProfileTests" runstate="Runnable" testcasecount="2" result="Passed" start-time="2026-08-04 11:52:56Z" end-time="2026-08-04 11:52:57Z" duration="1.591295" total="2" passed="2" failed="0" inconclusive="0" skipped="0" asserts="0">
              <properties />
              <test-case id="1052" name="EventRunner_SelectEvent_ReusesValidBuffer_NoGrowthAcrossCalls" fullname="AtomicWar.Tests.EditMode.DayTickGcProfileTests.EventRunner_SelectEvent_ReusesValidBuffer_NoGrowthAcrossCalls" methodname="EventRunner_SelectEvent_ReusesValidBuffer_NoGrowthAcrossCalls" classname="AtomicWar.Tests.EditMode.DayTickGcProfileTests" runstate="Runnable" seed="495707003" result="Passed" start-time="2026-08-04 11:52:56Z" end-time="2026-08-04 11:52:56Z" duration="0.522544" asserts="0">
                <properties>
                  <property name="retryIteration" value="0" />
                  <property name="repeatIteration" value="0" />
                </properties>
                <output><![CDATA[[DayTickGcProfile] SelectEvent x500 delta=0B
]]></output>
              </test-case>
              <test-case id="1051" name="HundredDayTickLoop_SteadyAlloc_WithinBudget" fullname="AtomicWar.Tests.EditMode.DayTickGcProfileTests.HundredDayTickLoop_SteadyAlloc_WithinBudget" methodname="HundredDayTickLoop_SteadyAlloc_WithinBudget" classname="AtomicWar.Tests.EditMode.DayTickGcProfileTests" runstate="Runnable" seed="312497512" result="Passed" start-time="2026-08-04 11:52:56Z" end-time="2026-08-04 11:52:57Z" duration="1.067463" asserts="0">
                <properties>
                  <property name="retryIteration" value="0" />
                  <property name="repeatIteration" value="0" />
                </properties>
                <output><![CDATA[[DayTickGcProfile] early=0B (0 B/day over 20d) steady=0B (0 B/day over 31d)
]]></output>
              </test-case>
            </test-suite>
            <test-suite type="TestFixture" id="1053" name="DebtCollectorTests" fullname="AtomicWar.Tests.EditMode.DebtCollectorTests" classname="AtomicWar.Tests.EditMode.DebtCollectorTests" runstate="Runnable" testcasecount="10" result="Passed" start-time="2026-08-04 11:52:57Z" end-time="2026-08-04 11:52:57Z" duration="0.024517" total="10" passed="10" failed="0" inconclusive="0" skipped="0" asserts="0">
              <properties />
              <test-case id="1059" name="ApplyChoiceFromEvent_PayAndRefuse_RouteCorrectly" fullname="AtomicWar.Tests.EditMode.DebtCollectorTests.ApplyChoiceFromEvent_PayAndRefuse_RouteCorrectly" methodname="ApplyChoiceFromEvent_PayAndRefuse_RouteCorrectly" classname="AtomicWar.Tests.EditMode.DebtCollectorTests" runstate="Runnable" seed="1298767629" result="Passed" start-time="2026-08-04 11:52:57Z" end-time="2026-08-04 11:52:57Z" duration="0.012215" asserts="0">
                <properties>
                  <property name="retryIteration" value="0" />
                  <property name="repeatIteration" value="0" />
                </properties>
              </test-case>
              <test-case id="1060" name="CaptureRestore_PreservesPendingAndResolvedDebts" fullname="AtomicWar.Tests.EditMode.DebtCollectorTests.CaptureRestore_PreservesPendingAndResolvedDebts" methodname="CaptureRestore_PreservesPendingAndResolvedDebts" classname="AtomicWar.Tests.EditMode.DebtCollectorTests" runstate="Runnable" seed="1734145694" result="Passed" start-time="2026-08-04 11:52:57Z" end-time="2026-08-04 11:52:57Z" duration="0.001521" asserts="0">
                <properties>
                  <property name="retryIteration" value="0" />
                  <property name="repeatIteration" value="0" />
                </properties>
              </test-case>
              <test-case id="1063" name="ConsumeFuel_DrainsHeaterThenRadioThenInventory" fullname="AtomicWar.Tests.EditMode.DebtCollectorTests.ConsumeFuel_DrainsHeaterThenRadioThenInventory" methodname="ConsumeFuel_DrainsHeaterThenRadioThenInventory" classname="AtomicWar.Tests.EditMode.DebtCollectorTests" runstate="Runnable" seed="972780908" result="Passed" start-time="2026-08-04 11:52:57Z" end-time="2026-08-04 11:52:57Z" duration="0.000898" asserts="0">
                <properties>
                  <property name="retryIteration" value="0" />
                  <property name="repeatIteration" value="0" />
                </properties>
              </test-case>
              <test-case id="1061" name="HatchRescue_OnFactionRescueApplied_SchedulesDebt" fullname="AtomicWar.Tests.EditMode.DebtCollectorTests.HatchRescue_OnFactionRescueApplied_SchedulesDebt" methodname="HatchRescue_OnFactionRescueApplied_SchedulesDebt" classname="AtomicWar.Tests.EditMode.DebtCollectorTests" runstate="Runnable" seed="514341182" result="Passed" start-time="2026-08-04 11:52:57Z" end-time="2026-08-04 11:52:57Z" duration="0.001298" asserts="0">
                <properties>
                  <property name="retryIteration" value="0" />
                  <property name="repeatIteration" value="0" />
                </properties>
              </test-case>
              <test-case id="1062" name="MeasureTotalFuel_SumsHeaterRadioAndInventory" fullname="AtomicWar.Tests.EditMode.DebtCollectorTests.MeasureTotalFuel_SumsHeaterRadioAndInventory" methodname="MeasureTotalFuel_SumsHeaterRadioAndInventory" classname="AtomicWar.Tests.EditMode.DebtCollectorTests" runstate="Runnable" seed="390997075" result="Passed" start-time="2026-08-04 11:52:57Z" end-time="2026-08-04 11:52:57Z" duration="0.000355" asserts="0">
                <properties>
                  <property name="retryIteration" value="0" />
                  <property name="repeatIteration" value="0" />
                </properties>
              </test-case>
              <test-case id="1057" name="Pay_ConsumesHalfFuelAndWater_ClearsDebt_RecoversTrust" fullname="AtomicWar.Tests.EditMode.DebtCollectorTests.Pay_ConsumesHalfFuelAndWater_ClearsDebt_RecoversTrust" methodname="Pay_ConsumesHalfFuelAndWater_ClearsDebt_RecoversTrust" classname="AtomicWar.Tests.EditMode.DebtCollectorTests" runstate="Runnable" seed="172432055" result="Passed" start-time="2026-08-04 11:52:57Z" end-time="2026-08-04 11:52:57Z" duration="0.001309" asserts="0">
                <properties>
                  <property name="retryIteration" value="0" />
                  <property name="repeatIteration" value="0" />
                </properties>
              </test-case>
              <test-case id="1058" name="Refuse_SabotagesCatchmentAndCutsAntenna_NoCombat" fullname="AtomicWar.Tests.EditMode.DebtCollectorTests.Refuse_SabotagesCatchmentAndCutsAntenna_NoCombat" methodname="Refuse_SabotagesCatchmentAndCutsAntenna_NoCombat" classname="AtomicWar.Tests.EditMode.DebtCollectorTests" runstate="Runnable" seed="73665111" result="Passed" start-time="2026-08-04 11:52:57Z" end-time="2026-08-04 11:52:57Z" duration="0.001224" asserts="0">
                <properties>
                  <property name="retryIteration" value="0" />
                  <property name="repeatIteration" value="0" />
                </properties>
              </test-case>
              <test-case id="1054" name="ScheduleDebt_SetsCollectorDayPlus20" fullname="AtomicWar.Tests.EditMode.DebtCollectorTests.ScheduleDebt_SetsCollectorDayPlus20" methodname="ScheduleDebt_SetsCollectorDayPlus20" classname="AtomicWar.Tests.EditMode.DebtCollectorTests" runstate="Runnable" seed="837864216" result="Passed" start-time="2026-08-04 11:52:57Z" end-time="2026-08-04 11:52:57Z" duration="0.000434" asserts="0">
                <properties>
                  <property name="retryIteration" value="0" />
                  <property name="repeatIteration" value="0" />
                </properties>
              </test-case>
              <test-case id="1055" name="TickDay_BeforeCollectorDay_DoesNotPresent" fullname="AtomicWar.Tests.EditMode.DebtCollectorTests.TickDay_BeforeCollectorDay_DoesNotPresent" methodname="TickDay_BeforeCollectorDay_DoesNotPresent" classname="AtomicWar.Tests.EditMode.DebtCollectorTests" runstate="Runnable" seed="1032506071" result="Passed" start-time="2026-08-04 11:52:57Z" end-time="2026-08-04 11:52:57Z" duration="0.000697" asserts="0">
                <properties>
                  <property name="retryIteration" value="0" />
                  <property name="repeatIteration" value="0" />
                </properties>
              </test-case>
              <test-case id="1056" name="TickDay_OnCollectorDay_PresentsPayRefuseEventAndDemandSnapshot" fullname="AtomicWar.Tests.EditMode.DebtCollectorTests.TickDay_OnCollectorDay_PresentsPayRefuseEventAndDemandSnapshot" methodname="TickDay_OnCollectorDay_PresentsPayRefuseEventAndDemandSnapshot" classname="AtomicWar.Tests.EditMode.DebtCollectorTests" runstate="Runnable" seed="775129548" result="Passed" start-time="2026-08-04 11:52:57Z" end-time="2026-08-04 11:52:57Z" duration="0.001595" asserts="0">
                <properties>
                  <property name="retryIteration" value="0" />
                  <property name="repeatIteration" value="0" />
                </properties>
              </test-case>
            </test-suite>
            <test-suite type="TestFixture" id="1064" name="DesertersStandTests" fullname="AtomicWar.Tests.EditMode.DesertersStandTests" classname="AtomicWar.Tests.EditMode.DesertersStandTests" runstate="Runnable" testcasecount="11" result="Passed" start-time="2026-08-04 11:52:57Z" end-time="2026-08-04 11:52:57Z" duration="0.026123" total="11" passed="11" failed="0" inconclusive="0" skipped="0" asserts="0">
              <properties />
              <test-case id="1071" name="Apply_DoesNotDuplicateTrauma" fullname="AtomicWar.Tests.EditMode.DesertersStandTests.Apply_DoesNotDuplicateTrauma" methodname="Apply_DoesNotDuplicateTrauma" classname="AtomicWar.Tests.EditMode.DesertersStandTests" runstate="Runnable" seed="767491241" result="Passed" start-time="2026-08-04 11:52:57Z" end-time="2026-08-04 11:52:57Z" duration="0.002552" asserts="0">
                <properties>
                  <property name="retryIteration" value="0" />
                  <property name="repeatIteration" value="0" />
                </properties>
              </test-case>
              <test-case id="1069" name="Apply_GatherWeapons_AddsTrauma_MoraleViaCaller_AndRifles" fullname="AtomicWar.Tests.EditMode.DesertersStandTests.Apply_GatherWeapons_AddsTrauma_MoraleViaCaller_AndRifles" methodname="Apply_GatherWeapons_AddsTrauma_MoraleViaCaller_AndRifles" classname="AtomicWar.Tests.EditMode.DesertersStandTests" runstate="Runnable" seed="923559386" result="Passed" start-time="2026-08-04 11:52:57Z" end-time="2026-08-04 11:52:57Z" duration="0.000467" asserts="0">
                <properties>
                  <property name="retryIteration" value="0" />
                  <property name="repeatIteration" value="0" />
                </properties>
              </test-case>
              <test-case id="1070" name="Apply_WalkAway_TraumaWithoutWeapons" fullname="AtomicWar.Tests.EditMode.DesertersStandTests.Apply_WalkAway_TraumaWithoutWeapons" methodname="Apply_WalkAway_TraumaWithoutWeapons" classname="AtomicWar.Tests.EditMode.DesertersStandTests" runstate="Runnable" seed="66985680" result="Passed" start-time="2026-08-04 11:52:57Z" end-time="2026-08-04 11:52:57Z" duration="0.000361" asserts="0">
                <properties>
                  <property name="retryIteration" value="0" />
                  <property name="repeatIteration" value="0" />
                </properties>
              </test-case>
              <test-case id="1075" name="ArrivalTick_OnStandNode_FiresOnce" fullname="AtomicWar.Tests.EditMode.DesertersStandTests.ArrivalTick_OnStandNode_FiresOnce" methodname="ArrivalTick_OnStandNode_FiresOnce" classname="AtomicWar.Tests.EditMode.DesertersStandTests" runstate="Runnable" seed="1389195021" result="Passed" start-time="2026-08-04 11:52:57Z" end-time="2026-08-04 11:52:57Z" duration="0.010347" asserts="0">
                <properties>
                  <property name="retryIteration" value="0" />
                  <property name="repeatIteration" value="0" />
                </properties>
                <output><![CDATA[[Deserter's Stand] Checkpoint empty. They shot each other over a tin of meat. The rifles still work.
]]></output>
              </test-case>
              <test-case id="1066" name="CreateServiceRifle_IsHighTierWeapon" fullname="AtomicWar.Tests.EditMode.DesertersStandTests.CreateServiceRifle_IsHighTierWeapon" methodname="CreateServiceRifle_IsHighTierWeapon" classname="AtomicWar.Tests.EditMode.DesertersStandTests" runstate="Runnable" seed="1235676320" result="Passed" start-time="2026-08-04 11:52:57Z" end-time="2026-08-04 11:52:57Z" duration="0.000840" asserts="0">
                <properties>
                  <property name="retryIteration" value="0" />
                  <property name="repeatIteration" value="0" />
                </properties>
              </test-case>
              <test-case id="1065" name="EncounterIds_StandDistinctFromCombatDeserters" fullname="AtomicWar.Tests.EditMode.DesertersStandTests.EncounterIds_StandDistinctFromCombatDeserters" methodname="EncounterIds_StandDistinctFromCombatDeserters" classname="AtomicWar.Tests.EditMode.DesertersStandTests" runstate="Runnable" seed="2138014966" result="Passed" start-time="2026-08-04 11:52:57Z" end-time="2026-08-04 11:52:57Z" duration="0.000935" asserts="0">
                <properties>
                  <property name="retryIteration" value="0" />
                  <property name="repeatIteration" value="0" />
                </properties>
              </test-case>
              <test-case id="1072" name="ExpeditionPool_ContainsStandAndCombat_AsSeparateIds" fullname="AtomicWar.Tests.EditMode.DesertersStandTests.ExpeditionPool_ContainsStandAndCombat_AsSeparateIds" methodname="ExpeditionPool_ContainsStandAndCombat_AsSeparateIds" classname="AtomicWar.Tests.EditMode.DesertersStandTests" runstate="Runnable" seed="2126973392" result="Passed" start-time="2026-08-04 11:52:57Z" end-time="2026-08-04 11:52:57Z" duration="0.000881" asserts="0">
                <properties>
                  <property name="retryIteration" value="0" />
                  <property name="repeatIteration" value="0" />
                </properties>
              </test-case>
              <test-case id="1073" name="FindForcedLocationEncounter_OnlyOnFlaggedNode" fullname="AtomicWar.Tests.EditMode.DesertersStandTests.FindForcedLocationEncounter_OnlyOnFlaggedNode" methodname="FindForcedLocationEncounter_OnlyOnFlaggedNode" classname="AtomicWar.Tests.EditMode.DesertersStandTests" runstate="Runnable" seed="2117688572" result="Passed" start-time="2026-08-04 11:52:57Z" end-time="2026-08-04 11:52:57Z" duration="0.000832" asserts="0">
                <properties>
                  <property name="retryIteration" value="0" />
                  <property name="repeatIteration" value="0" />
                </properties>
              </test-case>
              <test-case id="1074" name="ForceFireOnArrival_AppliesTraumaWeaponsAndMorale" fullname="AtomicWar.Tests.EditMode.DesertersStandTests.ForceFireOnArrival_AppliesTraumaWeaponsAndMorale" methodname="ForceFireOnArrival_AppliesTraumaWeaponsAndMorale" classname="AtomicWar.Tests.EditMode.DesertersStandTests" runstate="Runnable" seed="1123587098" result="Passed" start-time="2026-08-04 11:52:57Z" end-time="2026-08-04 11:52:57Z" duration="0.002800" asserts="0">
                <properties>
                  <property name="retryIteration" value="0" />
                  <property name="repeatIteration" value="0" />
                </properties>
                <output><![CDATA[[Deserter's Stand] Checkpoint empty. They shot each other over a tin of meat. The rifles still work.
[Deserter's Stand] Checkpoint empty. They shot each other over a tin of meat. The rifles still work.
]]></output>
              </test-case>
              <test-case id="1067" name="MapGenerator_AssignsExactlyOneDeserterStand_Deterministically" fullname="AtomicWar.Tests.EditMode.DesertersStandTests.MapGenerator_AssignsExactlyOneDeserterStand_Deterministically" methodname="MapGenerator_AssignsExactlyOneDeserterStand_Deterministically" classname="AtomicWar.Tests.EditMode.DesertersStandTests" runstate="Runnable" seed="1083110098" result="Passed" start-time="2026-08-04 11:52:57Z" end-time="2026-08-04 11:52:57Z" duration="0.000931" asserts="0">
                <properties>
                  <property name="retryIteration" value="0" />
                  <property name="repeatIteration" value="0" />
                </properties>
              </test-case>
              <test-case id="1068" name="SameSeed_HasDeserterStand_InLayoutFingerprint" fullname="AtomicWar.Tests.EditMode.DesertersStandTests.SameSeed_HasDeserterStand_InLayoutFingerprint" methodname="SameSeed_HasDeserterStand_InLayoutFingerprint" classname="AtomicWar.Tests.EditMode.DesertersStandTests" runstate="Runnable" seed="2034062676" result="Passed" start-time="2026-08-04 11:52:57Z" end-time="2026-08-04 11:52:57Z" duration="0.002545" asserts="0">
                <properties>
                  <property name="retryIteration" value="0" />
                  <property name="repeatIteration" value="0" />
                </properties>
              </test-case>
            </test-suite>
            <test-suite type="TestFixture" id="1076" name="DrinkContaminatedWaterActionTests" fullname="AtomicWar.Tests.EditMode.DrinkContaminatedWaterActionTests" classname="AtomicWar.Tests.EditMode.DrinkContaminatedWaterActionTests" runstate="Runnable" testcasecount="6" result="Passed" start-time="2026-08-04 11:52:57Z" end-time="2026-08-04 11:52:57Z" duration="0.005565" total="6" passed="6" failed="0" inconclusive="0" skipped="0" asserts="0">
              <properties />
              <test-case id="1079" name="EvaluateRaw_BelowThirstThreshold_ScoresZero" fullname="AtomicWar.Tests.EditMode.DrinkContaminatedWaterActionTests.EvaluateRaw_BelowThirstThreshold_ScoresZero" methodname="EvaluateRaw_BelowThirstThreshold_ScoresZero" classname="AtomicWar.Tests.EditMode.DrinkContaminatedWaterActionTests" runstate="Runnable" seed="1652624402" result="Passed" start-time="2026-08-04 11:52:57Z" end-time="2026-08-04 11:52:57Z" duration="0.001107" asserts="0">
                <properties>
                  <property name="retryIteration" value="0" />
                  <property name="repeatIteration" value="0" />
                </properties>
              </test-case>
              <test-case id="1078" name="EvaluateRaw_CleanWaterAvailable_ScoresZero" fullname="AtomicWar.Tests.EditMode.DrinkContaminatedWaterActionTests.EvaluateRaw_CleanWaterAvailable_ScoresZero" methodname="EvaluateRaw_CleanWaterAvailable_ScoresZero" classname="AtomicWar.Tests.EditMode.DrinkContaminatedWaterActionTests" runstate="Runnable" seed="1792826018" result="Passed" start-time="2026-08-04 11:52:57Z" end-time="2026-08-04 11:52:57Z" duration="0.000631" asserts="0">
                <properties>
                  <property name="retryIteration" value="0" />
                  <property name="repeatIteration" value="0" />
                </properties>
              </test-case>
              <test-case id="1077" name="EvaluateRaw_NoContaminatedWaterAvailable_ScoresZero" fullname="AtomicWar.Tests.EditMode.DrinkContaminatedWaterActionTests.EvaluateRaw_NoContaminatedWaterAvailable_ScoresZero" methodname="EvaluateRaw_NoContaminatedWaterAvailable_ScoresZero" classname="AtomicWar.Tests.EditMode.DrinkContaminatedWaterActionTests" runstate="Runnable" seed="1538659776" result="Passed" start-time="2026-08-04 11:52:57Z" end-time="2026-08-04 11:52:57Z" duration="0.000310" asserts="0">
                <properties>
                  <property name="retryIteration" value="0" />
                  <property name="repeatIteration" value="0" />
                </properties>
              </test-case>
              <test-case id="1080" name="EvaluateRaw_RecklessSurvivor_ScoresHigherThanParanoidSurvivor" fullname="AtomicWar.Tests.EditMode.DrinkContaminatedWaterActionTests.EvaluateRaw_RecklessSurvivor_ScoresHigherThanParanoidSurvivor" methodname="EvaluateRaw_RecklessSurvivor_ScoresHigherThanParanoidSurvivor" classname="AtomicWar.Tests.EditMode.DrinkContaminatedWaterActionTests" runstate="Runnable" seed="1445051128" result="Passed" start-time="2026-08-04 11:52:57Z" end-time="2026-08-04 11:52:57Z" duration="0.000447" asserts="0">
                <properties>
                  <property name="retryIteration" value="0" />
                  <property name="repeatIteration" value="0" />
                </properties>
              </test-case>
              <test-case id="1082" name="Execute_FallsBackToDirtyWater_WhenNoIrradiatedAvailable" fullname="AtomicWar.Tests.EditMode.DrinkContaminatedWaterActionTests.Execute_FallsBackToDirtyWater_WhenNoIrradiatedAvailable" methodname="Execute_FallsBackToDirtyWater_WhenNoIrradiatedAvailable" classname="AtomicWar.Tests.EditMode.DrinkContaminatedWaterActionTests" runstate="Runnable" seed="393598308" result="Passed" start-time="2026-08-04 11:52:57Z" end-time="2026-08-04 11:52:57Z" duration="0.000630" asserts="0">
                <properties>
                  <property name="retryIteration" value="0" />
                  <property name="repeatIteration" value="0" />
                </properties>
              </test-case>
              <test-case id="1081" name="Execute_PrefersIrradiatedOverDirty_AndAppliesRadiationDose" fullname="AtomicWar.Tests.EditMode.DrinkContaminatedWaterActionTests.Execute_PrefersIrradiatedOverDirty_AndAppliesRadiationDose" methodname="Execute_PrefersIrradiatedOverDirty_AndAppliesRadiationDose" classname="AtomicWar.Tests.EditMode.DrinkContaminatedWaterActionTests" runstate="Runnable" seed="1320817650" result="Passed" start-time="2026-08-04 11:52:57Z" end-time="2026-08-04 11:52:57Z" duration="0.000467" asserts="0">
                <properties>
                  <property name="retryIteration" value="0" />
                  <property name="repeatIteration" value="0" />
                </properties>
              </test-case>
            </test-suite>
            <test-suite type="TestFixture" id="1083" name="EndgameSystemTests" fullname="AtomicWar.Tests.EditMode.EndgameSystemTests" classname="AtomicWar.Tests.EditMode.EndgameSystemTests" runstate="Runnable" testcasecount="10" result="Passed" start-time="2026-08-04 11:52:57Z" end-time="2026-08-04 11:52:57Z" duration="0.023951" total="10" passed="10" failed="0" inconclusive="0" skipped="0" asserts="0">
              <properties />
              <test-case id="1091" name="AllDead_Breakdown_SetsStarvedWithBreakdownScreen" fullname="AtomicWar.Tests.EditMode.EndgameSystemTests.AllDead_Breakdown_SetsStarvedWithBreakdownScreen" methodname="AllDead_Breakdown_SetsStarvedWithBreakdownScreen" classname="AtomicWar.Tests.EditMode.EndgameSystemTests" runstate="Runnable" seed="1038778877" result="Passed" start-time="2026-08-04 11:52:57Z" end-time="2026-08-04 11:52:57Z" duration="0.003106" asserts="0">
                <properties>
                  <property name="retryIteration" value="0" />
                  <property name="repeatIteration" value="0" />
                </properties>
              </test-case>
              <test-case id="1089" name="AllDead_HighRad_SetsIrradiated" fullname="AtomicWar.Tests.EditMode.EndgameSystemTests.AllDead_HighRad_SetsIrradiated" methodname="AllDead_HighRad_SetsIrradiated" classname="AtomicWar.Tests.EditMode.EndgameSystemTests" runstate="Runnable" seed="1056447641" result="Passed" start-time="2026-08-04 11:52:57Z" end-time="2026-08-04 11:52:57Z" duration="0.000503" asserts="0">
                <properties>
                  <property name="retryIteration" value="0" />
                  <property name="repeatIteration" value="0" />
                </properties>
              </test-case>
              <test-case id="1090" name="AllDead_Hunger_SetsStarved" fullname="AtomicWar.Tests.EditMode.EndgameSystemTests.AllDead_Hunger_SetsStarved" methodname="AllDead_Hunger_SetsStarved" classname="AtomicWar.Tests.EditMode.EndgameSystemTests" runstate="Runnable" seed="53361591" result="Passed" start-time="2026-08-04 11:52:57Z" end-time="2026-08-04 11:52:57Z" duration="0.000463" asserts="0">
                <properties>
                  <property name="retryIteration" value="0" />
                  <property name="repeatIteration" value="0" />
                </properties>
              </test-case>
              <test-case id="1088" name="Extraction_Day100_WithoutUnlock_StaysOngoing" fullname="AtomicWar.Tests.EditMode.EndgameSystemTests.Extraction_Day100_WithoutUnlock_StaysOngoing" methodname="Extraction_Day100_WithoutUnlock_StaysOngoing" classname="AtomicWar.Tests.EditMode.EndgameSystemTests" runstate="Runnable" seed="299397807" result="Passed" start-time="2026-08-04 11:52:57Z" end-time="2026-08-04 11:52:57Z" duration="0.000522" asserts="0">
                <properties>
                  <property name="retryIteration" value="0" />
                  <property name="repeatIteration" value="0" />
                </properties>
              </test-case>
              <test-case id="1087" name="Extraction_Day100_WithUnlock_SetsRescued" fullname="AtomicWar.Tests.EditMode.EndgameSystemTests.Extraction_Day100_WithUnlock_SetsRescued" methodname="Extraction_Day100_WithUnlock_SetsRescued" classname="AtomicWar.Tests.EditMode.EndgameSystemTests" runstate="Runnable" seed="1911653730" result="Passed" start-time="2026-08-04 11:52:57Z" end-time="2026-08-04 11:52:57Z" duration="0.000987" asserts="0">
                <properties>
                  <property name="retryIteration" value="0" />
                  <property name="repeatIteration" value="0" />
                </properties>
              </test-case>
              <test-case id="1093" name="IsMilitaryIntel_UsesSourceFrequencyOrType" fullname="AtomicWar.Tests.EditMode.EndgameSystemTests.IsMilitaryIntel_UsesSourceFrequencyOrType" methodname="IsMilitaryIntel_UsesSourceFrequencyOrType" classname="AtomicWar.Tests.EditMode.EndgameSystemTests" runstate="Runnable" seed="1575413918" result="Passed" start-time="2026-08-04 11:52:57Z" end-time="2026-08-04 11:52:57Z" duration="0.000382" asserts="0">
                <properties>
                  <property name="retryIteration" value="0" />
                  <property name="repeatIteration" value="0" />
                </properties>
              </test-case>
              <test-case id="1086" name="MilitaryIntel_TenNodes_UnlocksExtraction" fullname="AtomicWar.Tests.EditMode.EndgameSystemTests.MilitaryIntel_TenNodes_UnlocksExtraction" methodname="MilitaryIntel_TenNodes_UnlocksExtraction" classname="AtomicWar.Tests.EditMode.EndgameSystemTests" runstate="Runnable" seed="1530853180" result="Passed" start-time="2026-08-04 11:52:57Z" end-time="2026-08-04 11:52:57Z" duration="0.000645" asserts="0">
                <properties>
                  <property name="retryIteration" value="0" />
                  <property name="repeatIteration" value="0" />
                </properties>
              </test-case>
              <test-case id="1092" name="Summary_FromSaveData_TalliesDaysAndRadiation" fullname="AtomicWar.Tests.EditMode.EndgameSystemTests.Summary_FromSaveData_TalliesDaysAndRadiation" methodname="Summary_FromSaveData_TalliesDaysAndRadiation" classname="AtomicWar.Tests.EditMode.EndgameSystemTests" runstate="Runnable" seed="651664161" result="Passed" start-time="2026-08-04 11:52:57Z" end-time="2026-08-04 11:52:57Z" duration="0.001873" asserts="0">
                <properties>
                  <property name="retryIteration" value="0" />
                  <property name="repeatIteration" value="0" />
                </properties>
              </test-case>
              <test-case id="1085" name="VehicleEscape_MissingParts_DoesNotEnd" fullname="AtomicWar.Tests.EditMode.EndgameSystemTests.VehicleEscape_MissingParts_DoesNotEnd" methodname="VehicleEscape_MissingParts_DoesNotEnd" classname="AtomicWar.Tests.EditMode.EndgameSystemTests" runstate="Runnable" seed="1417987464" result="Passed" start-time="2026-08-04 11:52:57Z" end-time="2026-08-04 11:52:57Z" duration="0.001338" asserts="0">
                <properties>
                  <property name="retryIteration" value="0" />
                  <property name="repeatIteration" value="0" />
                </properties>
              </test-case>
              <test-case id="1084" name="VehicleEscape_WithRequiredParts_SetsEscaped_AndLoadsSummary" fullname="AtomicWar.Tests.EditMode.EndgameSystemTests.VehicleEscape_WithRequiredParts_SetsEscaped_AndLoadsSummary" methodname="VehicleEscape_WithRequiredParts_SetsEscaped_AndLoadsSummary" classname="AtomicWar.Tests.EditMode.EndgameSystemTests" runstate="Runnable" seed="1946412914" result="Passed" start-time="2026-08-04 11:52:57Z" end-time="2026-08-04 11:52:57Z" duration="0.012006" asserts="0">
                <properties>
                  <property name="retryIteration" value="0" />
                  <property name="repeatIteration" value="0" />
                </properties>
              </test-case>
            </test-suite>
            <test-suite type="TestFixture" id="1094" name="EnvironmentTests" fullname="AtomicWar.Tests.EditMode.EnvironmentTests" classname="AtomicWar.Tests.EditMode.EnvironmentTests" runstate="Runnable" testcasecount="18" result="Passed" start-time="2026-08-04 11:52:57Z" end-time="2026-08-04 11:52:57Z" duration="0.015190" total="18" passed="18" failed="0" inconclusive="0" skipped="0" asserts="0">
              <properties />
              <test-case id="1096" name="AmbientCelsius_ClampsAtCurveEnd_PastCampaignLength" fullname="AtomicWar.Tests.EditMode.EnvironmentTests.AmbientCelsius_ClampsAtCurveEnd_PastCampaignLength" methodname="AmbientCelsius_ClampsAtCurveEnd_PastCampaignLength" classname="AtomicWar.Tests.EditMode.EnvironmentTests" runstate="Runnable" seed="565148239" result="Passed" start-time="2026-08-04 11:52:57Z" end-time="2026-08-04 11:52:57Z" duration="0.001288" asserts="0">
                <properties>
                  <property name="retryIteration" value="0" />
                  <property name="repeatIteration" value="0" />
                </properties>
              </test-case>
              <test-case id="1095" name="AmbientCelsius_DriftsNonIncreasing_AsCampaignProgresses" fullname="AtomicWar.Tests.EditMode.EnvironmentTests.AmbientCelsius_DriftsNonIncreasing_AsCampaignProgresses" methodname="AmbientCelsius_DriftsNonIncreasing_AsCampaignProgresses" classname="AtomicWar.Tests.EditMode.EnvironmentTests" runstate="Runnable" seed="838772947" result="Passed" start-time="2026-08-04 11:52:57Z" end-time="2026-08-04 11:52:57Z" duration="0.000520" asserts="0">
                <properties>
                  <property name="retryIteration" value="0" />
                  <property name="repeatIteration" value="0" />
                </properties>
              </test-case>
              <test-case id="1107" name="ForceWeather_RaisesEventOnlyWhenStateActuallyChanges" fullname="AtomicWar.Tests.EditMode.EnvironmentTests.ForceWeather_RaisesEventOnlyWhenStateActuallyChanges" methodname="ForceWeather_RaisesEventOnlyWhenStateActuallyChanges" classname="AtomicWar.Tests.EditMode.EnvironmentTests" runstate="Runnable" seed="697727252" result="Passed" start-time="2026-08-04 11:52:57Z" end-time="2026-08-04 11:52:57Z" duration="0.000651" asserts="0">
                <properties>
                  <property name="retryIteration" value="0" />
                  <property name="repeatIteration" value="0" />
                </properties>
              </test-case>
              <test-case id="1100" name="GetPerceivedTemperature_Unsheltered_AppliesBlizzardPenalty" fullname="AtomicWar.Tests.EditMode.EnvironmentTests.GetPerceivedTemperature_Unsheltered_AppliesBlizzardPenalty" methodname="GetPerceivedTemperature_Unsheltered_AppliesBlizzardPenalty" classname="AtomicWar.Tests.EditMode.EnvironmentTests" runstate="Runnable" seed="307814876" result="Passed" start-time="2026-08-04 11:52:57Z" end-time="2026-08-04 11:52:57Z" duration="0.000606" asserts="0">
                <properties>
                  <property name="retryIteration" value="0" />
                  <property name="repeatIteration" value="0" />
                </properties>
              </test-case>
              <test-case id="1101" name="GetPerceivedTemperature_Unsheltered_NoPenaltyWhenClear" fullname="AtomicWar.Tests.EditMode.EnvironmentTests.GetPerceivedTemperature_Unsheltered_NoPenaltyWhenClear" methodname="GetPerceivedTemperature_Unsheltered_NoPenaltyWhenClear" classname="AtomicWar.Tests.EditMode.EnvironmentTests" runstate="Runnable" seed="2089155064" result="Passed" start-time="2026-08-04 11:52:57Z" end-time="2026-08-04 11:52:57Z" duration="0.000290" asserts="0">
                <properties>
                  <property name="retryIteration" value="0" />
                  <property name="repeatIteration" value="0" />
                </properties>
              </test-case>
              <test-case id="1112" name="GetSeasonForDay_ReturnsLastWindowWithStartDayAtOrBeforeDay" fullname="AtomicWar.Tests.EditMode.EnvironmentTests.GetSeasonForDay_ReturnsLastWindowWithStartDayAtOrBeforeDay" methodname="GetSeasonForDay_ReturnsLastWindowWithStartDayAtOrBeforeDay" classname="AtomicWar.Tests.EditMode.EnvironmentTests" runstate="Runnable" seed="1115346788" result="Passed" start-time="2026-08-04 11:52:57Z" end-time="2026-08-04 11:52:57Z" duration="0.000368" asserts="0">
                <properties>
                  <property name="retryIteration" value="0" />
                  <property name="repeatIteration" value="0" />
                </properties>
              </test-case>
              <test-case id="1103" name="IsScavengingBlocked_FalseDuringFalloutStorm_WithFullSuit" fullname="AtomicWar.Tests.EditMode.EnvironmentTests.IsScavengingBlocked_FalseDuringFalloutStorm_WithFullSuit" methodname="IsScavengingBlocked_FalseDuringFalloutStorm_WithFullSuit" classname="AtomicWar.Tests.EditMode.EnvironmentTests" runstate="Runnable" seed="1899371606" result="Passed" start-time="2026-08-04 11:52:57Z" end-time="2026-08-04 11:52:57Z" duration="0.000294" asserts="0">
                <properties>
                  <property name="retryIteration" value="0" />
                  <property name="repeatIteration" value="0" />
                </properties>
              </test-case>
              <test-case id="1104" name="IsScavengingBlocked_FalseWhenNotFalloutStorm" fullname="AtomicWar.Tests.EditMode.EnvironmentTests.IsScavengingBlocked_FalseWhenNotFalloutStorm" methodname="IsScavengingBlocked_FalseWhenNotFalloutStorm" classname="AtomicWar.Tests.EditMode.EnvironmentTests" runstate="Runnable" seed="266847044" result="Passed" start-time="2026-08-04 11:52:57Z" end-time="2026-08-04 11:52:57Z" duration="0.000241" asserts="0">
                <properties>
                  <property name="retryIteration" value="0" />
                  <property name="repeatIteration" value="0" />
                </properties>
              </test-case>
              <test-case id="1102" name="IsScavengingBlocked_TrueDuringFalloutStorm_WithoutFullSuit" fullname="AtomicWar.Tests.EditMode.EnvironmentTests.IsScavengingBlocked_TrueDuringFalloutStorm_WithoutFullSuit" methodname="IsScavengingBlocked_TrueDuringFalloutStorm_WithoutFullSuit" classname="AtomicWar.Tests.EditMode.EnvironmentTests" runstate="Runnable" seed="113910678" result="Passed" start-time="2026-08-04 11:52:57Z" end-time="2026-08-04 11:52:57Z" duration="0.000230" asserts="0">
                <properties>
                  <property name="retryIteration" value="0" />
                  <property name="repeatIteration" value="0" />
                </properties>
              </test-case>
              <test-case id="1097" name="OnSeasonChanged_FiresOnceWhenCrossingIntoNewWindow_AndNotAgainWithin" fullname="AtomicWar.Tests.EditMode.EnvironmentTests.OnSeasonChanged_FiresOnceWhenCrossingIntoNewWindow_AndNotAgainWithin" methodname="OnSeasonChanged_FiresOnceWhenCrossingIntoNewWindow_AndNotAgainWithin" classname="AtomicWar.Tests.EditMode.EnvironmentTests" runstate="Runnable" seed="226846143" result="Passed" start-time="2026-08-04 11:52:57Z" end-time="2026-08-04 11:52:57Z" duration="0.000657" asserts="0">
                <properties>
                  <property name="retryIteration" value="0" />
                  <property name="repeatIteration" value="0" />
                </properties>
              </test-case>
              <test-case id="1106" name="OutdoorRadModifier_IsAddedOnlyDuringFalloutStorm" fullname="AtomicWar.Tests.EditMode.EnvironmentTests.OutdoorRadModifier_IsAddedOnlyDuringFalloutStorm" methodname="OutdoorRadModifier_IsAddedOnlyDuringFalloutStorm" classname="AtomicWar.Tests.EditMode.EnvironmentTests" runstate="Runnable" seed="724288614" result="Passed" start-time="2026-08-04 11:52:57Z" end-time="2026-08-04 11:52:57Z" duration="0.000269" asserts="0">
                <properties>
                  <property name="retryIteration" value="0" />
                  <property name="repeatIteration" value="0" />
                </properties>
              </test-case>
              <test-case id="1099" name="ParameterlessConstructor_TickIsNoOp_SetAmbientStillWorks" fullname="AtomicWar.Tests.EditMode.EnvironmentTests.ParameterlessConstructor_TickIsNoOp_SetAmbientStillWorks" methodname="ParameterlessConstructor_TickIsNoOp_SetAmbientStillWorks" classname="AtomicWar.Tests.EditMode.EnvironmentTests" runstate="Runnable" seed="1088533463" result="Passed" start-time="2026-08-04 11:52:57Z" end-time="2026-08-04 11:52:57Z" duration="0.000294" asserts="0">
                <properties>
                  <property name="retryIteration" value="0" />
                  <property name="repeatIteration" value="0" />
                </properties>
              </test-case>
              <test-case id="1111" name="RestoreState_ResumesSameDeterministicSequenceAsUninterruptedRun" fullname="AtomicWar.Tests.EditMode.EnvironmentTests.RestoreState_ResumesSameDeterministicSequenceAsUninterruptedRun" methodname="RestoreState_ResumesSameDeterministicSequenceAsUninterruptedRun" classname="AtomicWar.Tests.EditMode.EnvironmentTests" runstate="Runnable" seed="1694698261" result="Passed" start-time="2026-08-04 11:52:57Z" end-time="2026-08-04 11:52:57Z" duration="0.002230" asserts="0">
                <properties>
                  <property name="retryIteration" value="0" />
                  <property name="repeatIteration" value="0" />
                </properties>
              </test-case>
              <test-case id="1098" name="SetElapsedHours_RestoresAmbientAndSeason_WithoutFiringOnSeasonChanged" fullname="AtomicWar.Tests.EditMode.EnvironmentTests.SetElapsedHours_RestoresAmbientAndSeason_WithoutFiringOnSeasonChanged" methodname="SetElapsedHours_RestoresAmbientAndSeason_WithoutFiringOnSeasonChanged" classname="AtomicWar.Tests.EditMode.EnvironmentTests" runstate="Runnable" seed="1056837330" result="Passed" start-time="2026-08-04 11:52:57Z" end-time="2026-08-04 11:52:57Z" duration="0.000573" asserts="0">
                <properties>
                  <property name="retryIteration" value="0" />
                  <property name="repeatIteration" value="0" />
                </properties>
              </test-case>
              <test-case id="1109" name="Tick_DifferentSeeds_CanProduceDifferentSequences" fullname="AtomicWar.Tests.EditMode.EnvironmentTests.Tick_DifferentSeeds_CanProduceDifferentSequences" methodname="Tick_DifferentSeeds_CanProduceDifferentSequences" classname="AtomicWar.Tests.EditMode.EnvironmentTests" runstate="Runnable" seed="346184601" result="Passed" start-time="2026-08-04 11:52:57Z" end-time="2026-08-04 11:52:57Z" duration="0.000756" asserts="0">
                <properties>
                  <property name="retryIteration" value="0" />
                  <property name="repeatIteration" value="0" />
                </properties>
              </test-case>
              <test-case id="1108" name="Tick_SameSeed_ProducesIdenticalWeatherSequence" fullname="AtomicWar.Tests.EditMode.EnvironmentTests.Tick_SameSeed_ProducesIdenticalWeatherSequence" methodname="Tick_SameSeed_ProducesIdenticalWeatherSequence" classname="AtomicWar.Tests.EditMode.EnvironmentTests" runstate="Runnable" seed="2004217937" result="Passed" start-time="2026-08-04 11:52:57Z" end-time="2026-08-04 11:52:57Z" duration="0.000540" asserts="0">
                <properties>
                  <property name="retryIteration" value="0" />
                  <property name="repeatIteration" value="0" />
                </properties>
              </test-case>
              <test-case id="1105" name="VisibilityFactor_IsZeroDuringFalloutStorm_AndFullDuringClear" fullname="AtomicWar.Tests.EditMode.EnvironmentTests.VisibilityFactor_IsZeroDuringFalloutStorm_AndFullDuringClear" methodname="VisibilityFactor_IsZeroDuringFalloutStorm_AndFullDuringClear" classname="AtomicWar.Tests.EditMode.EnvironmentTests" runstate="Runnable" seed="1227176207" result="Passed" start-time="2026-08-04 11:52:57Z" end-time="2026-08-04 11:52:57Z" duration="0.000278" asserts="0">
                <properties>
                  <property name="retryIteration" value="0" />
                  <property name="repeatIteration" value="0" />
                </properties>
              </test-case>
              <test-case id="1110" name="WeightedTransition_NeverPicksAZeroWeightState" fullname="AtomicWar.Tests.EditMode.EnvironmentTests.WeightedTransition_NeverPicksAZeroWeightState" methodname="WeightedTransition_NeverPicksAZeroWeightState" classname="AtomicWar.Tests.EditMode.EnvironmentTests" runstate="Runnable" seed="524905998" result="Passed" start-time="2026-08-04 11:52:57Z" end-time="2026-08-04 11:52:57Z" duration="0.001622" asserts="0">
                <properties>
                  <property name="retryIteration" value="0" />
                  <property name="repeatIteration" value="0" />
                </properties>
              </test-case>
            </test-suite>
            <test-suite type="TestFixture" id="1113" name="EventBusTests" fullname="AtomicWar.Tests.EditMode.EventBusTests" classname="AtomicWar.Tests.EditMode.EventBusTests" runstate="Runnable" testcasecount="7" result="Passed" start-time="2026-08-04 11:52:57Z" end-time="2026-08-04 11:52:57Z" duration="0.023913" total="7" passed="7" failed="0" inconclusive="0" skipped="0" asserts="0">
              <properties />
              <test-case id="1114" name="Raise_DeliversToAllSubscribers_ByType" fullname="AtomicWar.Tests.EditMode.EventBusTests.Raise_DeliversToAllSubscribers_ByType" methodname="Raise_DeliversToAllSubscribers_ByType" classname="AtomicWar.Tests.EditMode.EventBusTests" runstate="Runnable" seed="690396642" result="Passed" start-time="2026-08-04 11:52:57Z" end-time="2026-08-04 11:52:57Z" duration="0.002280" asserts="0">
                <properties>
                  <property name="retryIteration" value="0" />
                  <property name="repeatIteration" value="0" />
                </properties>
              </test-case>
              <test-case id="1120" name="Raise_FastHandler_LogsNoWarning" fullname="AtomicWar.Tests.EditMode.EventBusTests.Raise_FastHandler_LogsNoWarning" methodname="Raise_FastHandler_LogsNoWarning" classname="AtomicWar.Tests.EditMode.EventBusTests" runstate="Runnable" seed="410586352" result="Passed" start-time="2026-08-04 11:52:57Z" end-time="2026-08-04 11:52:57Z" duration="0.000551" asserts="0">
                <properties>
                  <property name="retryIteration" value="0" />
                  <property name="repeatIteration" value="0" />
                </properties>
              </test-case>
              <test-case id="1117" name="Raise_HandlerSubscribesNewHandler_MidDispatch_NewHandlerFiresNextRaiseOnly" fullname="AtomicWar.Tests.EditMode.EventBusTests.Raise_HandlerSubscribesNewHandler_MidDispatch_NewHandlerFiresNextRaiseOnly" methodname="Raise_HandlerSubscribesNewHandler_MidDispatch_NewHandlerFiresNextRaiseOnly" classname="AtomicWar.Tests.EditMode.EventBusTests" runstate="Runnable" seed="621721860" result="Passed" start-time="2026-08-04 11:52:57Z" end-time="2026-08-04 11:52:57Z" duration="0.000560" asserts="0">
                <properties>
                  <property name="retryIteration" value="0" />
                  <property name="repeatIteration" value="0" />
                </properties>
              </test-case>
              <test-case id="1116" name="Raise_HandlerUnsubscribesItself_MidDispatch_DoesNotThrowOrSkipOthers" fullname="AtomicWar.Tests.EditMode.EventBusTests.Raise_HandlerUnsubscribesItself_MidDispatch_DoesNotThrowOrSkipOthers" methodname="Raise_HandlerUnsubscribesItself_MidDispatch_DoesNotThrowOrSkipOthers" classname="AtomicWar.Tests.EditMode.EventBusTests" runstate="Runnable" seed="1868670234" result="Passed" start-time="2026-08-04 11:52:57Z" end-time="2026-08-04 11:52:57Z" duration="0.002106" asserts="0">
                <properties>
                  <property name="retryIteration" value="0" />
                  <property name="repeatIteration" value="0" />
                </properties>
              </test-case>
[...]
                <properties>
                  <property name="retryIteration" value="0" />
                  <property name="repeatIteration" value="0" />
                </properties>
              </test-case>
            </test-suite>
            <test-suite type="TestFixture" id="1659" name="WaterEconomySystemTests" fullname="AtomicWar.Tests.EditMode.WaterEconomySystemTests" classname="AtomicWar.Tests.EditMode.WaterEconomySystemTests" runstate="Runnable" testcasecount="8" result="Passed" start-time="2026-08-04 11:52:58Z" end-time="2026-08-04 11:52:58Z" duration="0.004236" total="8" passed="8" failed="0" inconclusive="0" skipped="0" asserts="0">
              <properties />
              <test-case id="1664" name="ClearWeather_CollectsNothing" fullname="AtomicWar.Tests.EditMode.WaterEconomySystemTests.ClearWeather_CollectsNothing" methodname="ClearWeather_CollectsNothing" classname="AtomicWar.Tests.EditMode.WaterEconomySystemTests" runstate="Runnable" seed="764163198" result="Passed" start-time="2026-08-04 11:52:58Z" end-time="2026-08-04 11:52:58Z" duration="0.000536" asserts="0">
                <properties>
                  <property name="retryIteration" value="0" />
                  <property name="repeatIteration" value="0" />
                </properties>
              </test-case>
              <test-case id="1661" name="FalloutStorm_WithClosedCatchment_CollectsNothing" fullname="AtomicWar.Tests.EditMode.WaterEconomySystemTests.FalloutStorm_WithClosedCatchment_CollectsNothing" methodname="FalloutStorm_WithClosedCatchment_CollectsNothing" classname="AtomicWar.Tests.EditMode.WaterEconomySystemTests" runstate="Runnable" seed="1357134044" result="Passed" start-time="2026-08-04 11:52:58Z" end-time="2026-08-04 11:52:58Z" duration="0.000264" asserts="0">
                <properties>
                  <property name="retryIteration" value="0" />
                  <property name="repeatIteration" value="0" />
                </properties>
              </test-case>
              <test-case id="1660" name="FalloutStorm_WithOpenCatchment_IncreasesIrradiatedWater" fullname="AtomicWar.Tests.EditMode.WaterEconomySystemTests.FalloutStorm_WithOpenCatchment_IncreasesIrradiatedWater" methodname="FalloutStorm_WithOpenCatchment_IncreasesIrradiatedWater" classname="AtomicWar.Tests.EditMode.WaterEconomySystemTests" runstate="Runnable" seed="2011721447" result="Passed" start-time="2026-08-04 11:52:58Z" end-time="2026-08-04 11:52:58Z" duration="0.000314" asserts="0">
                <properties>
                  <property name="retryIteration" value="0" />
                  <property name="repeatIteration" value="0" />
                </properties>
              </test-case>
              <test-case id="1665" name="Purifier_ConvertsIrradiatedToDirtyToClean_OverTime_ConsumingFilterDurability" fullname="AtomicWar.Tests.EditMode.WaterEconomySystemTests.Purifier_ConvertsIrradiatedToDirtyToClean_OverTime_ConsumingFilterDurability" methodname="Purifier_ConvertsIrradiatedToDirtyToClean_OverTime_ConsumingFilterDurability" classname="AtomicWar.Tests.EditMode.WaterEconomySystemTests" runstate="Runnable" seed="2037839877" result="Passed" start-time="2026-08-04 11:52:58Z" end-time="2026-08-04 11:52:58Z" duration="0.000415" asserts="0">
                <properties>
                  <property name="retryIteration" value="0" />
                  <property name="repeatIteration" value="0" />
                </properties>
              </test-case>
              <test-case id="1667" name="Purifier_WithDepletedFilter_StopsConverting" fullname="AtomicWar.Tests.EditMode.WaterEconomySystemTests.Purifier_WithDepletedFilter_StopsConverting" methodname="Purifier_WithDepletedFilter_StopsConverting" classname="AtomicWar.Tests.EditMode.WaterEconomySystemTests" runstate="Runnable" seed="592173323" result="Passed" start-time="2026-08-04 11:52:58Z" end-time="2026-08-04 11:52:58Z" duration="0.000261" asserts="0">
                <properties>
                  <property name="retryIteration" value="0" />
                  <property name="repeatIteration" value="0" />
                </properties>
              </test-case>
              <test-case id="1666" name="Purifier_WithoutPower_DoesNotConvert" fullname="AtomicWar.Tests.EditMode.WaterEconomySystemTests.Purifier_WithoutPower_DoesNotConvert" methodname="Purifier_WithoutPower_DoesNotConvert" classname="AtomicWar.Tests.EditMode.WaterEconomySystemTests" runstate="Runnable" seed="1441501719" result="Passed" start-time="2026-08-04 11:52:58Z" end-time="2026-08-04 11:52:58Z" duration="0.000279" asserts="0">
                <properties>
                  <property name="retryIteration" value="0" />
                  <property name="repeatIteration" value="0" />
                </properties>
              </test-case>
              <test-case id="1663" name="Rain_PostDay30_CollectsDirtyWaterInstead" fullname="AtomicWar.Tests.EditMode.WaterEconomySystemTests.Rain_PostDay30_CollectsDirtyWaterInstead" methodname="Rain_PostDay30_CollectsDirtyWaterInstead" classname="AtomicWar.Tests.EditMode.WaterEconomySystemTests" runstate="Runnable" seed="924724060" result="Passed" start-time="2026-08-04 11:52:58Z" end-time="2026-08-04 11:52:58Z" duration="0.000273" asserts="0">
                <properties>
                  <property name="retryIteration" value="0" />
                  <property name="repeatIteration" value="0" />
                </properties>
              </test-case>
              <test-case id="1662" name="Rain_PreDay30_CollectsCleanWater" fullname="AtomicWar.Tests.EditMode.WaterEconomySystemTests.Rain_PreDay30_CollectsCleanWater" methodname="Rain_PreDay30_CollectsCleanWater" classname="AtomicWar.Tests.EditMode.WaterEconomySystemTests" runstate="Runnable" seed="1180082767" result="Passed" start-time="2026-08-04 11:52:58Z" end-time="2026-08-04 11:52:58Z" duration="0.000278" asserts="0">
                <properties>
                  <property name="retryIteration" value="0" />
                  <property name="repeatIteration" value="0" />
                </properties>
              </test-case>
            </test-suite>
            <test-suite type="TestFixture" id="1668" name="WorkbenchEconomyTests" fullname="AtomicWar.Tests.EditMode.WorkbenchEconomyTests" classname="AtomicWar.Tests.EditMode.WorkbenchEconomyTests" runstate="Runnable" testcasecount="9" result="Passed" start-time="2026-08-04 11:52:58Z" end-time="2026-08-04 11:52:58Z" duration="0.011966" total="9" passed="9" failed="0" inconclusive="0" skipped="0" asserts="0">
              <properties />
              <test-case id="1671" name="Acceptance_DisassembleRadio_ThenRepairGeiger_WithScrap" fullname="AtomicWar.Tests.EditMode.WorkbenchEconomyTests.Acceptance_DisassembleRadio_ThenRepairGeiger_WithScrap" methodname="Acceptance_DisassembleRadio_ThenRepairGeiger_WithScrap" classname="AtomicWar.Tests.EditMode.WorkbenchEconomyTests" runstate="Runnable" seed="607342273" result="Passed" start-time="2026-08-04 11:52:58Z" end-time="2026-08-04 11:52:58Z" duration="0.005477" asserts="0">
                <properties>
                  <property name="retryIteration" value="0" />
                  <property name="repeatIteration" value="0" />
                </properties>
              </test-case>
              <test-case id="1673" name="Consumables_CannotDisassemble" fullname="AtomicWar.Tests.EditMode.WorkbenchEconomyTests.Consumables_CannotDisassemble" methodname="Consumables_CannotDisassemble" classname="AtomicWar.Tests.EditMode.WorkbenchEconomyTests" runstate="Runnable" seed="2025247064" result="Passed" start-time="2026-08-04 11:52:58Z" end-time="2026-08-04 11:52:58Z" duration="0.000363" asserts="0">
                <properties>
                  <property name="retryIteration" value="0" />
                  <property name="repeatIteration" value="0" />
                </properties>
              </test-case>
              <test-case id="1669" name="Disassemble_BrokenRadio_DestroysItem_AndYieldsElectronicScrap" fullname="AtomicWar.Tests.EditMode.WorkbenchEconomyTests.Disassemble_BrokenRadio_DestroysItem_AndYieldsElectronicScrap" methodname="Disassemble_BrokenRadio_DestroysItem_AndYieldsElectronicScrap" classname="AtomicWar.Tests.EditMode.WorkbenchEconomyTests" runstate="Runnable" seed="1422954222" result="Passed" start-time="2026-08-04 11:52:58Z" end-time="2026-08-04 11:52:58Z" duration="0.000512" asserts="0">
                <properties>
                  <property name="retryIteration" value="0" />
                  <property name="repeatIteration" value="0" />
                </properties>
              </test-case>
              <test-case id="1672" name="RecalibrateGeiger_RequiresElectronicScrap" fullname="AtomicWar.Tests.EditMode.WorkbenchEconomyTests.RecalibrateGeiger_RequiresElectronicScrap" methodname="RecalibrateGeiger_RequiresElectronicScrap" classname="AtomicWar.Tests.EditMode.WorkbenchEconomyTests" runstate="Runnable" seed="1545846863" result="Passed" start-time="2026-08-04 11:52:58Z" end-time="2026-08-04 11:52:58Z" duration="0.000794" asserts="0">
                <properties>
                  <property name="retryIteration" value="0" />
                  <property name="repeatIteration" value="0" />
                </properties>
              </test-case>
              <test-case id="1670" name="Repair_BrokenGeiger_WithScrap_ClearsBroken" fullname="AtomicWar.Tests.EditMode.WorkbenchEconomyTests.Repair_BrokenGeiger_WithScrap_ClearsBroken" methodname="Repair_BrokenGeiger_WithScrap_ClearsBroken" classname="AtomicWar.Tests.EditMode.WorkbenchEconomyTests" runstate="Runnable" seed="1766218504" result="Passed" start-time="2026-08-04 11:52:58Z" end-time="2026-08-04 11:52:58Z" duration="0.000556" asserts="0">
                <properties>
                  <property name="retryIteration" value="0" />
                  <property name="repeatIteration" value="0" />
                </properties>
              </test-case>
              <test-case id="1676" name="Scavenge_PrioritizesJunk_WhenElectronicScrapNeededForCriticalRepair" fullname="AtomicWar.Tests.EditMode.WorkbenchEconomyTests.Scavenge_PrioritizesJunk_WhenElectronicScrapNeededForCriticalRepair" methodname="Scavenge_PrioritizesJunk_WhenElectronicScrapNeededForCriticalRepair" classname="AtomicWar.Tests.EditMode.WorkbenchEconomyTests" runstate="Runnable" seed="936794193" result="Passed" start-time="2026-08-04 11:52:58Z" end-time="2026-08-04 11:52:58Z" duration="0.000851" asserts="0">
                <properties>
                  <property name="retryIteration" value="0" />
                  <property name="repeatIteration" value="0" />
                </properties>
              </test-case>
              <test-case id="1674" name="ScrapMaterials_CannotDisassemble" fullname="AtomicWar.Tests.EditMode.WorkbenchEconomyTests.ScrapMaterials_CannotDisassemble" methodname="ScrapMaterials_CannotDisassemble" classname="AtomicWar.Tests.EditMode.WorkbenchEconomyTests" runstate="Runnable" seed="2137757602" result="Passed" start-time="2026-08-04 11:52:58Z" end-time="2026-08-04 11:52:58Z" duration="0.000323" asserts="0">
                <properties>
                  <property name="retryIteration" value="0" />
                  <property name="repeatIteration" value="0" />
                </properties>
              </test-case>
              <test-case id="1677" name="StationOffline_BlocksDisassembleAndRepair" fullname="AtomicWar.Tests.EditMode.WorkbenchEconomyTests.StationOffline_BlocksDisassembleAndRepair" methodname="StationOffline_BlocksDisassembleAndRepair" classname="AtomicWar.Tests.EditMode.WorkbenchEconomyTests" runstate="Runnable" seed="1721279450" result="Passed" start-time="2026-08-04 11:52:58Z" end-time="2026-08-04 11:52:58Z" duration="0.000330" asserts="0">
                <properties>
                  <property name="retryIteration" value="0" />
                  <property name="repeatIteration" value="0" />
                </properties>
              </test-case>
              <test-case id="1675" name="WorkbenchUI_ListsDisassembleAndRepair_FromItemDefinitions" fullname="AtomicWar.Tests.EditMode.WorkbenchEconomyTests.WorkbenchUI_ListsDisassembleAndRepair_FromItemDefinitions" methodname="WorkbenchUI_ListsDisassembleAndRepair_FromItemDefinitions" classname="AtomicWar.Tests.EditMode.WorkbenchEconomyTests" runstate="Runnable" seed="1084544704" result="Passed" start-time="2026-08-04 11:52:58Z" end-time="2026-08-04 11:52:58Z" duration="0.001116" asserts="0">
                <properties>
                  <property name="retryIteration" value="0" />
                  <property name="repeatIteration" value="0" />
                </properties>
              </test-case>
            </test-suite>
            <test-suite type="TestFixture" id="1678" name="WorldPhaseEngineTests" fullname="AtomicWar.Tests.EditMode.WorldPhaseEngineTests" classname="AtomicWar.Tests.EditMode.WorldPhaseEngineTests" runstate="Runnable" testcasecount="7" result="Passed" start-time="2026-08-04 11:52:58Z" end-time="2026-08-04 11:52:58Z" duration="0.005984" total="7" passed="7" failed="0" inconclusive="0" skipped="0" asserts="0">
              <properties />
              <test-case id="1679" name="Day29To30Transition_FiresNuclearExchangeOnce_AndAdvancesPhaseAcrossDay31" fullname="AtomicWar.Tests.EditMode.WorldPhaseEngineTests.Day29To30Transition_FiresNuclearExchangeOnce_AndAdvancesPhaseAcrossDay31" methodname="Day29To30Transition_FiresNuclearExchangeOnce_AndAdvancesPhaseAcrossDay31" classname="AtomicWar.Tests.EditMode.WorldPhaseEngineTests" runstate="Runnable" seed="1598202141" result="Passed" start-time="2026-08-04 11:52:58Z" end-time="2026-08-04 11:52:58Z" duration="0.000640" asserts="0">
                <properties>
                  <property name="retryIteration" value="0" />
                  <property name="repeatIteration" value="0" />
                </properties>
              </test-case>
              <test-case id="1681" name="EMPEvent_BreaksUnshieldedElectronics_SparesShielded" fullname="AtomicWar.Tests.EditMode.WorldPhaseEngineTests.EMPEvent_BreaksUnshieldedElectronics_SparesShielded" methodname="EMPEvent_BreaksUnshieldedElectronics_SparesShielded" classname="AtomicWar.Tests.EditMode.WorldPhaseEngineTests" runstate="Runnable" seed="330971179" result="Passed" start-time="2026-08-04 11:52:58Z" end-time="2026-08-04 11:52:58Z" duration="0.000604" asserts="0">
                <properties>
                  <property name="retryIteration" value="0" />
                  <property name="repeatIteration" value="0" />
                </properties>
              </test-case>
              <test-case id="1682" name="EMPEvent_ShieldedShelterModule_StaysEnabled" fullname="AtomicWar.Tests.EditMode.WorldPhaseEngineTests.EMPEvent_ShieldedShelterModule_StaysEnabled" methodname="EMPEvent_ShieldedShelterModule_StaysEnabled" classname="AtomicWar.Tests.EditMode.WorldPhaseEngineTests" runstate="Runnable" seed="1037446993" result="Passed" start-time="2026-08-04 11:52:58Z" end-time="2026-08-04 11:52:58Z" duration="0.000261" asserts="0">
                <properties>
                  <property name="retryIteration" value="0" />
                  <property name="repeatIteration" value="0" />
                </properties>
              </test-case>
              <test-case id="1680" name="FlashpointDay_IsDesignerTunable_ViaConfig" fullname="AtomicWar.Tests.EditMode.WorldPhaseEngineTests.FlashpointDay_IsDesignerTunable_ViaConfig" methodname="FlashpointDay_IsDesignerTunable_ViaConfig" classname="AtomicWar.Tests.EditMode.WorldPhaseEngineTests" runstate="Runnable" seed="420772123" result="Passed" start-time="2026-08-04 11:52:58Z" end-time="2026-08-04 11:52:58Z" duration="0.000386" asserts="0">
                <properties>
                  <property name="retryIteration" value="0" />
                  <property name="repeatIteration" value="0" />
                </properties>
              </test-case>
              <test-case id="1684" name="LootTableSO_GetValidEntries_GatesByPhaseRequirement" fullname="AtomicWar.Tests.EditMode.WorldPhaseEngineTests.LootTableSO_GetValidEntries_GatesByPhaseRequirement" methodname="LootTableSO_GetValidEntries_GatesByPhaseRequirement" classname="AtomicWar.Tests.EditMode.WorldPhaseEngineTests" runstate="Runnable" seed="58053203" result="Passed" start-time="2026-08-04 11:52:58Z" end-time="2026-08-04 11:52:58Z" duration="0.001038" asserts="0">
                <properties>
                  <property name="retryIteration" value="0" />
                  <property name="repeatIteration" value="0" />
                </properties>
              </test-case>
              <test-case id="1683" name="TradeEconomy_MoneyDropsToZero_WaterAndIodineSkyrocket_PostFlashpoint" fullname="AtomicWar.Tests.EditMode.WorldPhaseEngineTests.TradeEconomy_MoneyDropsToZero_WaterAndIodineSkyrocket_PostFlashpoint" methodname="TradeEconomy_MoneyDropsToZero_WaterAndIodineSkyrocket_PostFlashpoint" classname="AtomicWar.Tests.EditMode.WorldPhaseEngineTests" runstate="Runnable" seed="705544875" result="Passed" start-time="2026-08-04 11:52:58Z" end-time="2026-08-04 11:52:58Z" duration="0.000441" asserts="0">
                <properties>
                  <property name="retryIteration" value="0" />
                  <property name="repeatIteration" value="0" />
                </properties>
              </test-case>
              <test-case id="1685" name="WeatherSystem_RestrictToNonHazardWeather_ExcludesPostWarKinds" fullname="AtomicWar.Tests.EditMode.WorldPhaseEngineTests.WeatherSystem_RestrictToNonHazardWeather_ExcludesPostWarKinds" methodname="WeatherSystem_RestrictToNonHazardWeather_ExcludesPostWarKinds" classname="AtomicWar.Tests.EditMode.WorldPhaseEngineTests" runstate="Runnable" seed="541848549" result="Passed" start-time="2026-08-04 11:52:58Z" end-time="2026-08-04 11:52:58Z" duration="0.000925" asserts="0">
                <properties>
                  <property name="retryIteration" value="0" />
                  <property name="repeatIteration" value="0" />
                </properties>
              </test-case>
            </test-suite>
            <test-suite type="TestFixture" id="1686" name="WorldPhaseSmokeTest" fullname="AtomicWar.Tests.EditMode.WorldPhaseSmokeTest" classname="AtomicWar.Tests.EditMode.WorldPhaseSmokeTest" runstate="Runnable" testcasecount="1" result="Passed" start-time="2026-08-04 11:52:58Z" end-time="2026-08-04 11:52:58Z" duration="0.004104" total="1" passed="1" failed="0" inconclusive="0" skipped="0" asserts="0">
              <properties />
              <test-case id="1687" name="Day29To30Transition_DisablesElectronics_SwapsWeather_UpdatesEconomy" fullname="AtomicWar.Tests.EditMode.WorldPhaseSmokeTest.Day29To30Transition_DisablesElectronics_SwapsWeather_UpdatesEconomy" methodname="Day29To30Transition_DisablesElectronics_SwapsWeather_UpdatesEconomy" classname="AtomicWar.Tests.EditMode.WorldPhaseSmokeTest" runstate="Runnable" seed="1882348893" result="Passed" start-time="2026-08-04 11:52:58Z" end-time="2026-08-04 11:52:58Z" duration="0.003459" asserts="0">
                <properties>
                  <property name="retryIteration" value="0" />
                  <property name="repeatIteration" value="0" />
                </properties>
                <output><![CDATA[Saving results to: /home/robertsrff/.config/unity3d/DefaultCompany/Atomic War/TestResults.xml
]]></output>
              </test-case>
            </test-suite>
          </test-suite>
        </test-suite>
      </test-suite>
    </test-suite>
  </test-suite>
</test-run>