<?xml version="1.0" encoding="utf-8"?>
<test-run id="2" testcasecount="1" result="Passed" total="1" passed="1" failed="0" inconclusive="0" skipped="0" asserts="0" engine-version="3.5.0.0" clr-version="4.0.30319.42000" start-time="2026-08-03 18:29:56Z" end-time="2026-08-03 18:29:57Z" duration="0.5045703">
  <test-suite type="TestSuite" id="1035" name="Atomic War" fullname="Atomic War" runstate="Runnable" testcasecount="19" result="Passed" start-time="2026-08-03 18:29:56Z" end-time="2026-08-03 18:29:57Z" duration="0.504570" total="1" passed="1" failed="0" inconclusive="0" skipped="0" asserts="0">
    <properties>
      <property name="platform" value="PlayMode" />
    </properties>
    <test-suite type="Assembly" id="1028" name="AtomicWar.Tests.PlayMode.dll" fullname="/home/robertsrff/Music/Atomic_War_Straving_Survival/Atomic War/Library/ScriptAssemblies/AtomicWar.Tests.PlayMode.dll" runstate="Runnable" testcasecount="19" result="Passed" start-time="2026-08-03 18:29:56Z" end-time="2026-08-03 18:29:57Z" duration="0.494091" total="1" passed="1" failed="0" inconclusive="0" skipped="0" asserts="0">
      <properties>
        <property name="_PID" value="405774" />
        <property name="_APPDOMAIN" value="Unity Child Domain" />
        <property name="platform" value="PlayMode" />
        <property name="EditorOnly" value="False" />
      </properties>
      <test-suite type="TestSuite" id="1029" name="AtomicWar" fullname="AtomicWar" runstate="Runnable" testcasecount="19" result="Passed" start-time="2026-08-03 18:29:56Z" end-time="2026-08-03 18:29:57Z" duration="0.493167" total="1" passed="1" failed="0" inconclusive="0" skipped="0" asserts="0">
        <properties />
        <test-suite type="TestSuite" id="1030" name="Tests" fullname="AtomicWar.Tests" runstate="Runnable" testcasecount="19" result="Passed" start-time="2026-08-03 18:29:56Z" end-time="2026-08-03 18:29:57Z" duration="0.492640" total="1" passed="1" failed="0" inconclusive="0" skipped="0" asserts="0">
          <properties />
          <test-suite type="TestSuite" id="1031" name="PlayMode" fullname="AtomicWar.Tests.PlayMode" runstate="Runnable" testcasecount="19" result="Passed" start-time="2026-08-03 18:29:56Z" end-time="2026-08-03 18:29:57Z" duration="0.492109" total="1" passed="1" failed="0" inconclusive="0" skipped="0" asserts="0">
            <properties />
            <test-suite type="TestFixture" id="1011" name="FastForwardStabilityPlayModeTests" fullname="AtomicWar.Tests.PlayMode.FastForwardStabilityPlayModeTests" classname="AtomicWar.Tests.PlayMode.FastForwardStabilityPlayModeTests" runstate="Runnable" testcasecount="1" result="Passed" start-time="2026-08-03 18:29:56Z" end-time="2026-08-03 18:29:57Z" duration="0.490039" total="1" passed="1" failed="0" inconclusive="0" skipped="0" asserts="0">
              <properties />
              <test-case id="1012" name="HundredDays_AtThreeX_Stable_NoUiChurn_NoGcGrowth" fullname="AtomicWar.Tests.PlayMode.FastForwardStabilityPlayModeTests.HundredDays_AtThreeX_Stable_NoUiChurn_NoGcGrowth" methodname="HundredDays_AtThreeX_Stable_NoUiChurn_NoGcGrowth" classname="AtomicWar.Tests.PlayMode.FastForwardStabilityPlayModeTests" runstate="Runnable" seed="703279582" result="Passed" start-time="2026-08-03 18:29:56Z" end-time="2026-08-03 18:29:57Z" duration="0.471796" asserts="0">
                <properties>
                  <property name="_JOINTYPE" value="UnityCombinatorial" />
                  <property name="retryIteration" value="0" />
                  <property name="repeatIteration" value="0" />
                </properties>
                <output><![CDATA[Saving results to: /home/robertsrff/.config/unity3d/DefaultCompany/Atomic War/TestResults.xml
]]></output>
              </test-case>
            </test-suite>
          </test-suite>
        </test-suite>
      </test-suite>
    </test-suite>
  </test-suite>
</test-run>